This file contains any messages produced by compilers while
running configure, to aid debugging if configure makes a mistake.

It was created by aircrack-ng configure 1.6.0, which was
generated by GNU Autoconf 2.71.  Invocation command line was

  $ ./configure

## --------- ##
## Platform. ##
## --------- ##

hostname = Abi
uname -m = x86_64
uname -r = 3.3.4(0.341/5/3)
uname -s = CYGWIN_NT-10.0
uname -v = 2022-01-31 19:35

/usr/bin/uname -p = unknown
/bin/uname -X     = unknown

/bin/arch              = x86_64
/usr/bin/arch -k       = unknown
/usr/convex/getsysinfo = unknown
/usr/bin/hostinfo      = unknown
/bin/machine           = unknown
/usr/bin/oslevel       = unknown
/bin/universe          = unknown

PATH: /usr/local/bin/
PATH: /usr/bin/
PATH: /cygdrive/c/Windows/system32/
PATH: /cygdrive/c/Windows/
PATH: /cygdrive/c/Windows/System32/Wbem/
PATH: /cygdrive/c/Windows/System32/WindowsPowerShell/v1.0/
PATH: /cygdrive/c/Windows/System32/OpenSSH/
PATH: /cygdrive/c/Program Files/dotnet/
PATH: /cygdrive/c/Program Files (x86)/ADB and Fastboot++/
PATH: /cygdrive/c/Users/Administrator/AppData/Local/Microsoft/WindowsApps/


## ----------- ##
## Core tests. ##
## ----------- ##

configure:3619: looking for aux files: ltmain.sh compile missing install-sh config.guess config.sub
configure:3632:  trying ././
configure:3661:   ././ltmain.sh found
configure:3661:   ././compile found
configure:3661:   ././missing found
configure:3643:   ././install-sh found
configure:3661:   ././config.guess found
configure:3661:   ././config.sub found
configure:3783: checking build system type
configure:3798: result: x86_64-pc-cygwin
configure:3818: checking host system type
configure:3832: result: x86_64-pc-cygwin
configure:3852: checking target system type
configure:3866: result: x86_64-pc-cygwin
configure:3918: checking for a BSD-compatible install
configure:3991: result: /usr/bin/install -c
configure:4002: checking whether build environment is sane
configure:4057: result: yes
configure:4216: checking for a race-free mkdir -p
configure:4260: result: /usr/bin/mkdir -p
configure:4267: checking for gawk
configure:4288: found /usr/bin/gawk
configure:4299: result: gawk
configure:4310: checking whether make sets $(MAKE)
configure:4333: result: yes
configure:4363: checking whether make supports nested variables
configure:4381: result: yes
configure:4518: checking whether to enable maintainer-specific portions of Makefiles
configure:4528: result: yes
configure:4556: checking whether make supports nested variables
configure:4574: result: yes
configure:4609: checking whether make supports the include directive
configure:4624: make -f confmf.GNU && cat confinc.out
this is the am__doit target
configure:4627: $? = 0
configure:4646: result: yes (GNU style)
configure:4724: checking for gcc
configure:4745: found /usr/bin/gcc
configure:4756: result: gcc
configure:5109: checking for C compiler version
configure:5118: gcc --version >&5
gcc (GCC) 11.2.0
Copyright (C) 2021 Free Software Foundation, Inc.
This is free software; see the source for copying conditions.  There is NO
warranty; not even for MERCHANTABILITY or FITNESS FOR A PARTICULAR PURPOSE.

configure:5129: $? = 0
configure:5118: gcc -v >&5
Using built-in specs.
COLLECT_GCC=gcc
COLLECT_LTO_WRAPPER=/usr/lib/gcc/x86_64-pc-cygwin/11/lto-wrapper.exe
Target: x86_64-pc-cygwin
Configured with: /mnt/share/cygpkgs/gcc/gcc.x86_64/src/gcc-11.2.0/configure --srcdir=/mnt/share/cygpkgs/gcc/gcc.x86_64/src/gcc-11.2.0 --prefix=/usr --exec-prefix=/usr --localstatedir=/var --sysconfdir=/etc --docdir=/usr/share/doc/gcc --htmldir=/usr/share/doc/gcc/html -C --build=x86_64-pc-cygwin --host=x86_64-pc-cygwin --target=x86_64-pc-cygwin --without-libiconv-prefix --without-libintl-prefix --libexecdir=/usr/lib --with-gcc-major-version-only --enable-shared --enable-shared-libgcc --enable-static --enable-version-specific-runtime-libs --enable-bootstrap --enable-__cxa_atexit --with-dwarf2 --with-tune=generic --disable-bootstrap --enable-languages=c,c++,fortran,lto,objc,obj-c++,jit --enable-graphite --enable-threads=posix --enable-libatomic --enable-libgomp --enable-libquadmath --enable-libquadmath-support --disable-libssp --enable-libada --disable-symvers --with-gnu-ld --with-gnu-as --with-cloog-include=/usr/include/cloog-isl --without-libiconv-prefix --without-libintl-prefix --with-system-zlib --enable-linker-build-id --with-default-libstdcxx-abi=gcc4-compatible --enable-libstdcxx-filesystem-ts
Thread model: posix
Supported LTO compression algorithms: zlib zstd
gcc version 11.2.0 (GCC) 
configure:5129: $? = 0
configure:5118: gcc -V >&5
gcc: error: unrecognized command-line option '-V'
gcc: fatal error: no input files
compilation terminated.
configure:5129: $? = 1
configure:5118: gcc -qversion >&5
gcc: error: unrecognized command-line option '-qversion'; did you mean '--version'?
gcc: fatal error: no input files
compilation terminated.
configure:5129: $? = 1
configure:5118: gcc -version >&5
gcc: error: unrecognized command-line option '-version'
gcc: fatal error: no input files
compilation terminated.
configure:5129: $? = 1
configure:5149: checking whether the C compiler works
configure:5171: gcc    conftest.c  >&5
configure:5175: $? = 0
configure:5225: result: yes
configure:5228: checking for C compiler default output file name
configure:5230: result: a.exe
configure:5236: checking for suffix of executables
configure:5243: gcc -o conftest.exe    conftest.c  >&5
configure:5247: $? = 0
configure:5270: result: .exe
configure:5292: checking whether we are cross compiling
configure:5300: gcc -o conftest.exe    conftest.c  >&5
configure:5304: $? = 0
configure:5311: ./conftest.exe
configure:5315: $? = 0
configure:5330: result: no
configure:5335: checking for suffix of object files
configure:5358: gcc -c   conftest.c >&5
configure:5362: $? = 0
configure:5384: result: o
configure:5388: checking whether the compiler supports GNU C
configure:5408: gcc -c   conftest.c >&5
configure:5408: $? = 0
configure:5418: result: yes
configure:5429: checking whether gcc accepts -g
configure:5450: gcc -c -g  conftest.c >&5
configure:5450: $? = 0
configure:5494: result: yes
configure:5514: checking for gcc option to enable C11 features
configure:5529: gcc  -c -g -O2  conftest.c >&5
configure:5529: $? = 0
configure:5547: result: none needed
configure:5663: checking whether gcc understands -c and -o together
configure:5686: gcc -c conftest.c -o conftest2.o
configure:5689: $? = 0
configure:5686: gcc -c conftest.c -o conftest2.o
configure:5689: $? = 0
configure:5701: result: yes
configure:5720: checking dependency style of gcc
configure:5832: result: gcc3
configure:5920: checking for g++
configure:5941: found /usr/bin/g++
configure:5952: result: g++
configure:5979: checking for C++ compiler version
configure:5988: g++ --version >&5
g++ (GCC) 11.2.0
Copyright (C) 2021 Free Software Foundation, Inc.
This is free software; see the source for copying conditions.  There is NO
warranty; not even for MERCHANTABILITY or FITNESS FOR A PARTICULAR PURPOSE.

configure:5999: $? = 0
configure:5988: g++ -v >&5
Using built-in specs.
COLLECT_GCC=g++
COLLECT_LTO_WRAPPER=/usr/lib/gcc/x86_64-pc-cygwin/11/lto-wrapper.exe
Target: x86_64-pc-cygwin
Configured with: /mnt/share/cygpkgs/gcc/gcc.x86_64/src/gcc-11.2.0/configure --srcdir=/mnt/share/cygpkgs/gcc/gcc.x86_64/src/gcc-11.2.0 --prefix=/usr --exec-prefix=/usr --localstatedir=/var --sysconfdir=/etc --docdir=/usr/share/doc/gcc --htmldir=/usr/share/doc/gcc/html -C --build=x86_64-pc-cygwin --host=x86_64-pc-cygwin --target=x86_64-pc-cygwin --without-libiconv-prefix --without-libintl-prefix --libexecdir=/usr/lib --with-gcc-major-version-only --enable-shared --enable-shared-libgcc --enable-static --enable-version-specific-runtime-libs --enable-bootstrap --enable-__cxa_atexit --with-dwarf2 --with-tune=generic --disable-bootstrap --enable-languages=c,c++,fortran,lto,objc,obj-c++,jit --enable-graphite --enable-threads=posix --enable-libatomic --enable-libgomp --enable-libquadmath --enable-libquadmath-support --disable-libssp --enable-libada --disable-symvers --with-gnu-ld --with-gnu-as --with-cloog-include=/usr/include/cloog-isl --without-libiconv-prefix --without-libintl-prefix --with-system-zlib --enable-linker-build-id --with-default-libstdcxx-abi=gcc4-compatible --enable-libstdcxx-filesystem-ts
Thread model: posix
Supported LTO compression algorithms: zlib zstd
gcc version 11.2.0 (GCC) 
configure:5999: $? = 0
configure:5988: g++ -V >&5
g++: error: unrecognized command-line option '-V'
g++: fatal error: no input files
compilation terminated.
configure:5999: $? = 1
configure:5988: g++ -qversion >&5
g++: error: unrecognized command-line option '-qversion'; did you mean '--version'?
g++: fatal error: no input files
compilation terminated.
configure:5999: $? = 1
configure:6003: checking whether the compiler supports GNU C++
configure:6023: g++ -c   conftest.cpp >&5
configure:6023: $? = 0
configure:6033: result: yes
configure:6044: checking whether g++ accepts -g
configure:6065: g++ -c -g  conftest.cpp >&5
configure:6065: $? = 0
configure:6109: result: yes
configure:6129: checking for g++ option to enable C++11 features
configure:6144: g++  -c -g -O2  conftest.cpp >&5
conftest.cpp: In function 'int main(int, char**)':
conftest.cpp:177:25: warning: empty parentheses were disambiguated as a function declaration [-Wvexing-parse]
  177 |   cxx11test::delegate d2();
      |                         ^~
conftest.cpp:177:25: note: remove parentheses to default-initialize a variable
  177 |   cxx11test::delegate d2();
      |                         ^~
      |                         --
conftest.cpp:177:25: note: or replace parentheses with braces to value-initialize a variable
configure:6144: $? = 0
configure:6162: result: none needed
configure:6228: checking dependency style of g++
configure:6340: result: gcc3
configure:6367: checking dependency style of gcc
configure:6477: result: gcc3
configure:6551: checking for pkg-config
configure:6574: found /usr/bin/pkg-config
configure:6586: result: /usr/bin/pkg-config
configure:6611: checking pkg-config is at least version 0.9.0
configure:6614: result: yes
configure:6702: checking how to print strings
configure:6729: result: printf
configure:6750: checking for a sed that does not truncate output
configure:6820: result: /usr/bin/sed
configure:6838: checking for grep that handles long lines and -e
configure:6902: result: /usr/bin/grep
configure:6907: checking for egrep
configure:6975: result: /usr/bin/grep -E
configure:6980: checking for fgrep
configure:7048: result: /usr/bin/grep -F
configure:7084: checking for ld used by gcc
configure:7152: result: /usr/x86_64-pc-cygwin/bin/ld.exe
configure:7159: checking if the linker (/usr/x86_64-pc-cygwin/bin/ld.exe) is GNU ld
configure:7175: result: yes
configure:7187: checking for BSD- or MS-compatible name lister (nm)
configure:7242: result: /usr/bin/nm -B
configure:7382: checking the name lister (/usr/bin/nm -B) interface
configure:7390: gcc -c   conftest.c >&5
configure:7393: /usr/bin/nm -B "conftest.o"
configure:7396: output
0000000000000000 b .bss
0000000000000000 d .data
0000000000000000 r .rdata$zzz
0000000000000000 t .text
0000000000000000 B some_variable
configure:7403: result: BSD nm
configure:7406: checking whether ln -s works
configure:7410: result: yes
configure:7418: checking the maximum length of command line arguments
configure:7550: result: 8192
configure:7598: checking how to convert x86_64-pc-cygwin file names to x86_64-pc-cygwin format
configure:7639: result: func_convert_file_noop
configure:7646: checking how to convert x86_64-pc-cygwin file names to toolchain format
configure:7667: result: func_convert_file_noop
configure:7674: checking for /usr/x86_64-pc-cygwin/bin/ld.exe option to reload object files
configure:7682: result: -r
configure:7761: checking for file
configure:7782: found /usr/bin/file
configure:7793: result: file
configure:7869: checking for objdump
configure:7890: found /usr/bin/objdump
configure:7901: result: objdump
configure:7930: checking how to recognize dependent libraries
configure:8131: result: file_magic ^x86 archive import|^x86 DLL
configure:8221: checking for dlltool
configure:8242: found /usr/bin/dlltool
configure:8253: result: dlltool
configure:8283: checking how to associate runtime and link libraries
configure:8311: result: func_cygming_dll_for_implib
configure:8377: checking for ar
configure:8398: found /usr/bin/ar
configure:8409: result: ar
configure:8462: checking for archiver @FILE support
configure:8480: gcc -c   conftest.c >&5
configure:8480: $? = 0
configure:8484: ar cr libconftest.a @conftest.lst >&5
configure:8487: $? = 0
configure:8492: ar cr libconftest.a @conftest.lst >&5
ar: conftest.o: No such file or directory
configure:8495: $? = 1
configure:8507: result: @
configure:8570: checking for strip
configure:8591: found /usr/bin/strip
configure:8602: result: strip
configure:8679: checking for ranlib
configure:8700: found /usr/bin/ranlib
configure:8711: result: ranlib
configure:8813: checking command to parse /usr/bin/nm -B output from gcc object
configure:8967: gcc -c   conftest.c >&5
configure:8970: $? = 0
configure:8974: /usr/bin/nm -B conftest.o \| /usr/bin/sed -n -e 's/^.*[ ]\([ABCDGIRSTW][ABCDGIRSTW]*\)[ ][ ]*\([_A-Za-z][_A-Za-z0-9]*\)$/\1 \2 \2/p' | /usr/bin/sed '/ __gnu_lto/d' \> conftest.nm
configure:8977: $? = 0
configure:9043: gcc -o conftest.exe    conftest.c conftstm.o >&5
configure:9046: $? = 0
configure:9084: result: ok
configure:9131: checking for sysroot
configure:9162: result: no
configure:9169: checking for a working dd
configure:9213: result: /usr/bin/dd
configure:9217: checking how to truncate binary pipes
configure:9233: result: /usr/bin/dd bs=4096 count=1
configure:9570: checking for mt
configure:9605: result: no
configure:9625: checking if : is a manifest tool
configure:9632: : '-?'
configure:9640: result: no
configure:10365: checking for stdio.h
configure:10365: gcc -c   conftest.c >&5
configure:10365: $? = 0
configure:10365: result: yes
configure:10365: checking for stdlib.h
configure:10365: gcc -c   conftest.c >&5
configure:10365: $? = 0
configure:10365: result: yes
configure:10365: checking for string.h
configure:10365: gcc -c   conftest.c >&5
configure:10365: $? = 0
configure:10365: result: yes
configure:10365: checking for inttypes.h
configure:10365: gcc -c   conftest.c >&5
configure:10365: $? = 0
configure:10365: result: yes
configure:10365: checking for stdint.h
configure:10365: gcc -c   conftest.c >&5
configure:10365: $? = 0
configure:10365: result: yes
configure:10365: checking for strings.h
configure:10365: gcc -c   conftest.c >&5
configure:10365: $? = 0
configure:10365: result: yes
configure:10365: checking for sys/stat.h
configure:10365: gcc -c   conftest.c >&5
configure:10365: $? = 0
configure:10365: result: yes
configure:10365: checking for sys/types.h
configure:10365: gcc -c   conftest.c >&5
configure:10365: $? = 0
configure:10365: result: yes
configure:10365: checking for unistd.h
configure:10365: gcc -c   conftest.c >&5
configure:10365: $? = 0
configure:10365: result: yes
configure:10390: checking for dlfcn.h
configure:10390: gcc -c   conftest.c >&5
configure:10390: $? = 0
configure:10390: result: yes
configure:10466: checking for as
configure:10487: found /usr/bin/as
configure:10498: result: as
configure:10568: checking for dlltool
configure:10600: result: dlltool
configure:10670: checking for objdump
configure:10702: result: objdump
configure:10986: checking for objdir
configure:11002: result: .libs
configure:11266: checking if gcc supports -fno-rtti -fno-exceptions
configure:11285: gcc -c   -fno-rtti -fno-exceptions conftest.c >&5
cc1: warning: command-line option '-fno-rtti' is valid for C++/D/ObjC++ but not for C
configure:11289: $? = 0
configure:11302: result: no
configure:11660: checking for gcc option to produce PIC
configure:11668: result: -DDLL_EXPORT -DPIC
configure:11676: checking if gcc PIC flag -DDLL_EXPORT -DPIC works
configure:11695: gcc -c   -DDLL_EXPORT -DPIC -DPIC conftest.c >&5
configure:11699: $? = 0
configure:11712: result: yes
configure:11741: checking if gcc static flag -static works
configure:11770: result: yes
configure:11785: checking if gcc supports -c -o file.o
configure:11807: gcc -c   -o out/conftest2.o conftest.c >&5
configure:11811: $? = 0
configure:11833: result: yes
configure:11841: checking if gcc supports -c -o file.o
configure:11889: result: yes
configure:11922: checking whether the gcc linker (/usr/x86_64-pc-cygwin/bin/ld.exe) supports shared libraries
configure:13190: result: yes
configure:13227: checking whether -lc should be explicitly linked in
configure:13236: gcc -c   conftest.c >&5
configure:13239: $? = 0
configure:13254: gcc -shared conftest.o  -v -o ./conftest -Wl,--enable-auto-image-base -Xlinker --out-implib -Xlinker conftest 2\>\&1 \| /usr/bin/grep  -lc  \>/dev/null 2\>\&1
configure:13257: $? = 1
configure:13271: result: yes
configure:13431: checking dynamic linker characteristics
configure:14252: result: Win32 ld.exe
configure:14374: checking how to hardcode library paths into programs
configure:14399: result: immediate
configure:14951: checking whether stripping libraries is possible
configure:14960: result: yes
configure:15002: checking if libtool supports shared libraries
configure:15004: result: yes
configure:15007: checking whether to build shared libraries
configure:15032: result: yes
configure:15035: checking whether to build static libraries
configure:15039: result: no
configure:15062: checking how to run the C++ preprocessor
configure:15084: g++ -E  conftest.cpp
configure:15084: $? = 0
configure:15099: g++ -E  conftest.cpp
conftest.cpp:25:10: fatal error: ac_nonexistent.h: No such file or directory
   25 | #include <ac_nonexistent.h>
      |          ^~~~~~~~~~~~~~~~~~
compilation terminated.
configure:15099: $? = 1
configure: failed program was:
| /* confdefs.h */
| #define PACKAGE_NAME "aircrack-ng"
| #define PACKAGE_TARNAME "aircrack-ng"
| #define PACKAGE_VERSION "1.6.0"
| #define PACKAGE_STRING "aircrack-ng 1.6.0"
| #define PACKAGE_BUGREPORT "https://forum.aircrack-ng.org"
| #define PACKAGE_URL ""
| #define PACKAGE "aircrack-ng"
| #define VERSION "1.6.0"
| #define _REVISION "1.6.0"
| #define LT_CYGWIN_VER "-1-6-0.dll"
| #define HAVE_STDIO_H 1
| #define HAVE_STDLIB_H 1
| #define HAVE_STRING_H 1
| #define HAVE_INTTYPES_H 1
| #define HAVE_STDINT_H 1
| #define HAVE_STRINGS_H 1
| #define HAVE_SYS_STAT_H 1
| #define HAVE_SYS_TYPES_H 1
| #define HAVE_UNISTD_H 1
| #define STDC_HEADERS 1
| #define HAVE_DLFCN_H 1
| #define LT_OBJDIR ".libs/"
| /* end confdefs.h.  */
| #include <ac_nonexistent.h>
configure:15126: result: g++ -E
configure:15140: g++ -E  conftest.cpp
configure:15140: $? = 0
configure:15155: g++ -E  conftest.cpp
conftest.cpp:25:10: fatal error: ac_nonexistent.h: No such file or directory
   25 | #include <ac_nonexistent.h>
      |          ^~~~~~~~~~~~~~~~~~
compilation terminated.
configure:15155: $? = 1
configure: failed program was:
| /* confdefs.h */
| #define PACKAGE_NAME "aircrack-ng"
| #define PACKAGE_TARNAME "aircrack-ng"
| #define PACKAGE_VERSION "1.6.0"
| #define PACKAGE_STRING "aircrack-ng 1.6.0"
| #define PACKAGE_BUGREPORT "https://forum.aircrack-ng.org"
| #define PACKAGE_URL ""
| #define PACKAGE "aircrack-ng"
| #define VERSION "1.6.0"
| #define _REVISION "1.6.0"
| #define LT_CYGWIN_VER "-1-6-0.dll"
| #define HAVE_STDIO_H 1
| #define HAVE_STDLIB_H 1
| #define HAVE_STRING_H 1
| #define HAVE_INTTYPES_H 1
| #define HAVE_STDINT_H 1
| #define HAVE_STRINGS_H 1
| #define HAVE_SYS_STAT_H 1
| #define HAVE_SYS_TYPES_H 1
| #define HAVE_UNISTD_H 1
| #define STDC_HEADERS 1
| #define HAVE_DLFCN_H 1
| #define LT_OBJDIR ".libs/"
| /* end confdefs.h.  */
| #include <ac_nonexistent.h>
configure:15320: checking for ld used by g++
configure:15388: result: /usr/x86_64-pc-cygwin/bin/ld.exe
configure:15395: checking if the linker (/usr/x86_64-pc-cygwin/bin/ld.exe) is GNU ld
configure:15411: result: yes
configure:15466: checking whether the g++ linker (/usr/x86_64-pc-cygwin/bin/ld.exe) supports shared libraries
configure:16544: result: yes
configure:16580: g++ -c   conftest.cpp >&5
configure:16583: $? = 0
configure:17065: checking for g++ option to produce PIC
configure:17073: result: -DDLL_EXPORT -DPIC
configure:17081: checking if g++ PIC flag -DDLL_EXPORT -DPIC works
configure:17100: g++ -c   -DDLL_EXPORT -DPIC -DPIC conftest.cpp >&5
configure:17104: $? = 0
configure:17117: result: yes
configure:17140: checking if g++ static flag -static works
configure:17169: result: yes
configure:17181: checking if g++ supports -c -o file.o
configure:17203: g++ -c   -o out/conftest2.o conftest.cpp >&5
configure:17207: $? = 0
configure:17229: result: yes
configure:17234: checking if g++ supports -c -o file.o
configure:17282: result: yes
configure:17312: checking whether the g++ linker (/usr/x86_64-pc-cygwin/bin/ld.exe) supports shared libraries
configure:17352: result: yes
configure:17494: checking dynamic linker characteristics
configure:18242: result: Win32 ld.exe
configure:18307: checking how to hardcode library paths into programs
configure:18332: result: immediate
configure:18597: checking for /usr/include/w32api/windows.h
configure:18611: result: yes
configure:18618: checking for WinMain in -lw32api
configure:18641: gcc -o conftest.exe   -I/usr/include/w32api  conftest.c -lw32api   >&5
/usr/lib/gcc/x86_64-pc-cygwin/11/../../../../x86_64-pc-cygwin/bin/ld: cannot find -lw32api
collect2: error: ld returned 1 exit status
configure:18641: $? = 1
configure: failed program was:
| /* confdefs.h */
| #define PACKAGE_NAME "aircrack-ng"
| #define PACKAGE_TARNAME "aircrack-ng"
| #define PACKAGE_VERSION "1.6.0"
| #define PACKAGE_STRING "aircrack-ng 1.6.0"
| #define PACKAGE_BUGREPORT "https://forum.aircrack-ng.org"
| #define PACKAGE_URL ""
| #define PACKAGE "aircrack-ng"
| #define VERSION "1.6.0"
| #define _REVISION "1.6.0"
| #define LT_CYGWIN_VER "-1-6-0.dll"
| #define HAVE_STDIO_H 1
| #define HAVE_STDLIB_H 1
| #define HAVE_STRING_H 1
| #define HAVE_INTTYPES_H 1
| #define HAVE_STDINT_H 1
| #define HAVE_STRINGS_H 1
| #define HAVE_SYS_STAT_H 1
| #define HAVE_SYS_TYPES_H 1
| #define HAVE_UNISTD_H 1
| #define STDC_HEADERS 1
| #define HAVE_DLFCN_H 1
| #define LT_OBJDIR ".libs/"
| /* end confdefs.h.  */
| 
| /* Override any GCC internal prototype to avoid an error.
|    Use char because int might match the return type of a GCC
|    builtin and then its argument prototype would still apply.  */
| char WinMain ();
| int
| main (void)
| {
| return WinMain ();
|   ;
|   return 0;
| }
configure:18651: result: no
configure:18658: checking for windows.h
configure:18658: gcc -c   -I/usr/include/w32api conftest.c >&5
configure:18658: $? = 0
configure:18658: result: yes
configure:18791: checking Default static library search path
configure:18820: result:  		/usr/lib/gcc/x86_64-pc-cygwin/11/ /usr/lib/gcc/x86_64-pc-cygwin/11/../../../../x86_64-pc-cygwin/lib/x86_64-pc-cygwin/11/ /usr/lib/gcc/x86_64-pc-cygwin/11/../../../../x86_64-pc-cygwin/lib/../lib/ /usr/lib/gcc/x86_64-pc-cygwin/11/../../../x86_64-pc-cygwin/11/ /usr/lib/gcc/x86_64-pc-cygwin/11/../../../../lib/ /lib/x86_64-pc-cygwin/11/ /lib/../lib/ /usr/lib/x86_64-pc-cygwin/11/ /usr/lib/../lib/ /usr/lib/gcc/x86_64-pc-cygwin/11/../../../../x86_64-pc-cygwin/lib/ /usr/lib/gcc/x86_64-pc-cygwin/11/../../../ /lib/ /usr/lib/ 		/opt/lib/x86_64-pc-cygwin 		/opt/lib 		/usr/local/lib/x86_64-pc-cygwin 		/usr/local/lib 		/usr/lib/x86_64-pc-cygwin 		/usr/lib 		/lib 		/opt/lib/x86_64-pc-cygwin 		/opt/lib 	
configure:19041: checking for OPENSSL_init in -lcrypto
configure:19064: gcc -o conftest.exe  -mconsole -mwindows  -I/usr/include/w32api -DCYGWIN  -mconsole -mwindows conftest.c -lcrypto   >&5
configure:19064: $? = 0
configure:19074: result: yes
configure:19084: checking for openssl/crypto.h
configure:19084: gcc -c  -mconsole -mwindows  -I/usr/include/w32api -DCYGWIN conftest.c >&5
configure:19084: $? = 0
configure:19084: result: yes
configure:19253: checking whether compiling and linking against OpenSSL works
Trying link with OPENSSL_LDFLAGS=; OPENSSL_LIBS=-lssl -lcrypto; OPENSSL_INCLUDES=
configure:19275: gcc -o conftest.exe  -mconsole -mwindows   -I/usr/include/w32api -DCYGWIN  -mconsole -mwindows  conftest.c -lssl -lcrypto  >&5
configure:19275: $? = 0
configure:19278: result: yes
configure:19301: checking whether gcrypt is enabled
configure:19314: result: 
configure:19955: checking for OpenSSL or libgcrypt
configure:19966: result: OpenSSL
configure:19975: checking for openssl/cmac.h
configure:19975: gcc -c  -mconsole -mwindows  -I/usr/include/w32api -DCYGWIN conftest.c >&5
configure:19975: $? = 0
configure:19975: result: yes
configure:22745: checking for expect
configure:22780: result: no
configure:22788: WARNING: expect not found; cannot run some tests
configure:22834: checking for python
configure:22855: found /usr/bin/python
configure:22866: result: python
configure:22897: checking for greadlink
configure:22932: result: no
configure:22897: checking for readlink
configure:22918: found /usr/bin/readlink
configure:22929: result: readlink
configure:23286: checking for HWLOC
configure:23293: $PKG_CONFIG --exists --print-errors "hwloc"
Package hwloc was not found in the pkg-config search path.
Perhaps you should add the directory containing `hwloc.pc'
to the PKG_CONFIG_PATH environment variable
Package 'hwloc', required by 'virtual:world', not found
configure:23296: $? = 1
configure:23310: $PKG_CONFIG --exists --print-errors "hwloc"
Package hwloc was not found in the pkg-config search path.
Perhaps you should add the directory containing `hwloc.pc'
to the PKG_CONFIG_PATH environment variable
Package 'hwloc', required by 'virtual:world', not found
configure:23313: $? = 1
configure:23327: result: no
Package 'hwloc', required by 'virtual:world', not found
configure:23412: checking pcap header directories
configure:23431: result: not found
configure:23440: checking for pcap.h
configure:23440: gcc -c   -mconsole -mwindows  -I/usr/include/w32api -DCYGWIN conftest.c >&5
conftest.c:56:10: fatal error: pcap.h: No such file or directory
   56 | #include <pcap.h>
      |          ^~~~~~~~
compilation terminated.
configure:23440: $? = 1
configure: failed program was:
| /* confdefs.h */
| #define PACKAGE_NAME "aircrack-ng"
| #define PACKAGE_TARNAME "aircrack-ng"
| #define PACKAGE_VERSION "1.6.0"
| #define PACKAGE_STRING "aircrack-ng 1.6.0"
| #define PACKAGE_BUGREPORT "https://forum.aircrack-ng.org"
| #define PACKAGE_URL ""
| #define PACKAGE "aircrack-ng"
| #define VERSION "1.6.0"
| #define _REVISION "1.6.0"
| #define LT_CYGWIN_VER "-1-6-0.dll"
| #define HAVE_STDIO_H 1
| #define HAVE_STDLIB_H 1
| #define HAVE_STRING_H 1
| #define HAVE_INTTYPES_H 1
| #define HAVE_STDINT_H 1
| #define HAVE_STRINGS_H 1
| #define HAVE_SYS_STAT_H 1
| #define HAVE_SYS_TYPES_H 1
| #define HAVE_UNISTD_H 1
| #define STDC_HEADERS 1
| #define HAVE_DLFCN_H 1
| #define LT_OBJDIR ".libs/"
| #define HAVE_OPENSSL_CRYPTO_H 1
| #define HAVE_OPENSSL_CMAC_H 1
| #define HAVE_OPENSSL_CMAC_H 1
| /* end confdefs.h.  */
| #include <stddef.h>
| #ifdef HAVE_STDIO_H
| # include <stdio.h>
| #endif
| #ifdef HAVE_STDLIB_H
| # include <stdlib.h>
| #endif
| #ifdef HAVE_STRING_H
| # include <string.h>
| #endif
| #ifdef HAVE_INTTYPES_H
| # include <inttypes.h>
| #endif
| #ifdef HAVE_STDINT_H
| # include <stdint.h>
| #endif
| #ifdef HAVE_STRINGS_H
| # include <strings.h>
| #endif
| #ifdef HAVE_SYS_TYPES_H
| # include <sys/types.h>
| #endif
| #ifdef HAVE_SYS_STAT_H
| # include <sys/stat.h>
| #endif
| #ifdef HAVE_UNISTD_H
| # include <unistd.h>
| #endif
| #include <pcap.h>
configure:23440: result: no
configure:23741: checking for PCRE
configure:23748: $PKG_CONFIG --exists --print-errors "libpcre"
configure:23751: $? = 0
configure:23765: $PKG_CONFIG --exists --print-errors "libpcre"
configure:23768: $? = 0
configure:23806: result: yes
configure:23826: checking for rfkill
configure:23861: result: no
configure:24019: checking for SQLite3 header
configure:24034: result: found; /usr/include/sqlite3.h
configure:24062: checking for sqlite3.h
configure:24062: gcc -c  -mconsole -mwindows  -I/usr/include/w32api -DCYGWIN -I/usr/include conftest.c >&5
configure:24062: $? = 0
configure:24062: result: yes
configure:24076: checking for sqlite3_open in -lsqlite3
configure:24099: gcc -o conftest.exe  -mconsole -mwindows  -I/usr/include/w32api -DCYGWIN -I/usr/include  -mconsole -mwindows -L/usr/lib -lsqlite3 conftest.c -lsqlite3   >&5
configure:24099: $? = 0
configure:24109: result: yes
configure:24124: checking for SQLite3 library version >= 3.0.0
configure:24147: gcc -c  -mconsole -mwindows  -I/usr/include/w32api -DCYGWIN -I/usr/include conftest.c >&5
configure:24147: $? = 0
configure:24150: result: yes
configure:24227: checking for ZLIB
configure:24234: $PKG_CONFIG --exists --print-errors "zlib"
Package zlib was not found in the pkg-config search path.
Perhaps you should add the directory containing `zlib.pc'
to the PKG_CONFIG_PATH environment variable
Package 'zlib', required by 'virtual:world', not found
configure:24237: $? = 1
configure:24251: $PKG_CONFIG --exists --print-errors "zlib"
Package zlib was not found in the pkg-config search path.
Perhaps you should add the directory containing `zlib.pc'
to the PKG_CONFIG_PATH environment variable
Package 'zlib', required by 'virtual:world', not found
configure:24254: $? = 1
configure:24268: result: no
Package 'zlib', required by 'virtual:world', not found
configure:24304: checking for CMOCKA
configure:24311: $PKG_CONFIG --exists --print-errors "cmocka"
Package cmocka was not found in the pkg-config search path.
Perhaps you should add the directory containing `cmocka.pc'
to the PKG_CONFIG_PATH environment variable
Package 'cmocka', required by 'virtual:world', not found
configure:24314: $? = 1
configure:24328: $PKG_CONFIG --exists --print-errors "cmocka"
Package cmocka was not found in the pkg-config search path.
Perhaps you should add the directory containing `cmocka.pc'
to the PKG_CONFIG_PATH environment variable
Package 'cmocka', required by 'virtual:world', not found
configure:24331: $? = 1
configure:24345: result: no
Package 'cmocka', required by 'virtual:world', not found
configure:24392: checking for special C compiler options needed for large files
configure:24440: result: no
configure:24446: checking for _FILE_OFFSET_BITS value needed for large files
configure:24472: gcc -c  -mconsole -mwindows  -I/usr/include/w32api -DCYGWIN conftest.c >&5
configure:24472: $? = 0
configure:24506: result: no
configure:24599: checking whether to add -D_FORTIFY_SOURCE=2 to CPPFLAGS
configure:24615: gcc -o conftest.exe  -mconsole -mwindows  -I/usr/include/w32api -DCYGWIN  -mconsole -mwindows conftest.c  >&5
configure:24615: $? = 0
configure:24618: result: yes
configure:24636: checking how to run the C preprocessor
configure:24662: gcc -E  -I/usr/include/w32api -DCYGWIN -D_FORTIFY_SOURCE=2 conftest.c
configure:24662: $? = 0
configure:24677: gcc -E  -I/usr/include/w32api -DCYGWIN -D_FORTIFY_SOURCE=2 conftest.c
conftest.c:33:10: fatal error: ac_nonexistent.h: No such file or directory
   33 | #include <ac_nonexistent.h>
      |          ^~~~~~~~~~~~~~~~~~
compilation terminated.
configure:24677: $? = 1
configure: failed program was:
| /* confdefs.h */
| #define PACKAGE_NAME "aircrack-ng"
| #define PACKAGE_TARNAME "aircrack-ng"
| #define PACKAGE_VERSION "1.6.0"
| #define PACKAGE_STRING "aircrack-ng 1.6.0"
| #define PACKAGE_BUGREPORT "https://forum.aircrack-ng.org"
| #define PACKAGE_URL ""
| #define PACKAGE "aircrack-ng"
| #define VERSION "1.6.0"
| #define _REVISION "1.6.0"
| #define LT_CYGWIN_VER "-1-6-0.dll"
| #define HAVE_STDIO_H 1
| #define HAVE_STDLIB_H 1
| #define HAVE_STRING_H 1
| #define HAVE_INTTYPES_H 1
| #define HAVE_STDINT_H 1
| #define HAVE_STRINGS_H 1
| #define HAVE_SYS_STAT_H 1
| #define HAVE_SYS_TYPES_H 1
| #define HAVE_UNISTD_H 1
| #define STDC_HEADERS 1
| #define HAVE_DLFCN_H 1
| #define LT_OBJDIR ".libs/"
| #define HAVE_OPENSSL_CRYPTO_H 1
| #define HAVE_OPENSSL_CMAC_H 1
| #define HAVE_OPENSSL_CMAC_H 1
| #define HAVE_PCRE 1
| #define HAVE_SQLITE3_H 1
| #define HAVE_SQLITE3 1
| #define HAVE_SQLITE 1
| #define _LARGEFILE64_SOURCE 1
| /* end confdefs.h.  */
| #include <ac_nonexistent.h>
configure:24704: result: gcc -E
configure:24718: gcc -E  -I/usr/include/w32api -DCYGWIN -D_FORTIFY_SOURCE=2 conftest.c
configure:24718: $? = 0
configure:24733: gcc -E  -I/usr/include/w32api -DCYGWIN -D_FORTIFY_SOURCE=2 conftest.c
conftest.c:33:10: fatal error: ac_nonexistent.h: No such file or directory
   33 | #include <ac_nonexistent.h>
      |          ^~~~~~~~~~~~~~~~~~
compilation terminated.
configure:24733: $? = 1
configure: failed program was:
| /* confdefs.h */
| #define PACKAGE_NAME "aircrack-ng"
| #define PACKAGE_TARNAME "aircrack-ng"
| #define PACKAGE_VERSION "1.6.0"
| #define PACKAGE_STRING "aircrack-ng 1.6.0"
| #define PACKAGE_BUGREPORT "https://forum.aircrack-ng.org"
| #define PACKAGE_URL ""
| #define PACKAGE "aircrack-ng"
| #define VERSION "1.6.0"
| #define _REVISION "1.6.0"
| #define LT_CYGWIN_VER "-1-6-0.dll"
| #define HAVE_STDIO_H 1
| #define HAVE_STDLIB_H 1
| #define HAVE_STRING_H 1
| #define HAVE_INTTYPES_H 1
| #define HAVE_STDINT_H 1
| #define HAVE_STRINGS_H 1
| #define HAVE_SYS_STAT_H 1
| #define HAVE_SYS_TYPES_H 1
| #define HAVE_UNISTD_H 1
| #define STDC_HEADERS 1
| #define HAVE_DLFCN_H 1
| #define LT_OBJDIR ".libs/"
| #define HAVE_OPENSSL_CRYPTO_H 1
| #define HAVE_OPENSSL_CMAC_H 1
| #define HAVE_OPENSSL_CMAC_H 1
| #define HAVE_PCRE 1
| #define HAVE_SQLITE3_H 1
| #define HAVE_SQLITE3 1
| #define HAVE_SQLITE 1
| #define _LARGEFILE64_SOURCE 1
| /* end confdefs.h.  */
| #include <ac_nonexistent.h>
configure:24951: checking whether gcc is Clang
configure:24978: result: no
configure:25106: checking whether pthreads work with -pthread
configure:25206: gcc -o conftest.exe  -mconsole -mwindows -pthread  -I/usr/include/w32api -DCYGWIN -D_FORTIFY_SOURCE=2  -mconsole -mwindows conftest.c   >&5
configure:25206: $? = 0
configure:25216: result: yes
configure:25236: checking for joinable pthread attribute
configure:25255: gcc -o conftest.exe  -mconsole -mwindows -pthread  -I/usr/include/w32api -DCYGWIN -D_FORTIFY_SOURCE=2  -mconsole -mwindows conftest.c   >&5
configure:25255: $? = 0
configure:25264: result: PTHREAD_CREATE_JOINABLE
configure:25277: checking whether more special flags are required for pthreads
configure:25291: result: no
configure:25300: checking for PTHREAD_PRIO_INHERIT
configure:25317: gcc -o conftest.exe  -mconsole -mwindows -pthread  -I/usr/include/w32api -DCYGWIN -D_FORTIFY_SOURCE=2  -mconsole -mwindows conftest.c   >&5
conftest.c: In function 'main':
conftest.c:37:9: error: 'PTHREAD_PRIO_INHERIT' undeclared (first use in this function); did you mean 'PTHREAD_ONCE_INIT'?
   37 | int i = PTHREAD_PRIO_INHERIT;
      |         ^~~~~~~~~~~~~~~~~~~~
      |         PTHREAD_ONCE_INIT
conftest.c:37:9: note: each undeclared identifier is reported only once for each function it appears in
configure:25317: $? = 1
configure: failed program was:
| /* confdefs.h */
| #define PACKAGE_NAME "aircrack-ng"
| #define PACKAGE_TARNAME "aircrack-ng"
| #define PACKAGE_VERSION "1.6.0"
| #define PACKAGE_STRING "aircrack-ng 1.6.0"
| #define PACKAGE_BUGREPORT "https://forum.aircrack-ng.org"
| #define PACKAGE_URL ""
| #define PACKAGE "aircrack-ng"
| #define VERSION "1.6.0"
| #define _REVISION "1.6.0"
| #define LT_CYGWIN_VER "-1-6-0.dll"
| #define HAVE_STDIO_H 1
| #define HAVE_STDLIB_H 1
| #define HAVE_STRING_H 1
| #define HAVE_INTTYPES_H 1
| #define HAVE_STDINT_H 1
| #define HAVE_STRINGS_H 1
| #define HAVE_SYS_STAT_H 1
| #define HAVE_SYS_TYPES_H 1
| #define HAVE_UNISTD_H 1
| #define STDC_HEADERS 1
| #define HAVE_DLFCN_H 1
| #define LT_OBJDIR ".libs/"
| #define HAVE_OPENSSL_CRYPTO_H 1
| #define HAVE_OPENSSL_CMAC_H 1
| #define HAVE_OPENSSL_CMAC_H 1
| #define HAVE_PCRE 1
| #define HAVE_SQLITE3_H 1
| #define HAVE_SQLITE3 1
| #define HAVE_SQLITE 1
| #define _LARGEFILE64_SOURCE 1
| /* end confdefs.h.  */
| #include <pthread.h>
| int
| main (void)
| {
| int i = PTHREAD_PRIO_INHERIT;
|   ;
|   return 0;
| }
configure:25327: result: no
configure:25422: checking for pthread_create in -lpthread
configure:25445: gcc -o conftest.exe  -mconsole -mwindows  -I/usr/include/w32api -DCYGWIN -D_FORTIFY_SOURCE=2  -mconsole -mwindows conftest.c -lpthread   >&5
configure:25445: $? = 0
configure:25455: result: yes
configure:25476: checking for pthread_setaffinity_np
configure:25511: gcc -o conftest.exe  -mconsole -mwindows -pthread  -I/usr/include/w32api -DCYGWIN -D_FORTIFY_SOURCE=2  -mconsole -mwindows -lpthread -pthread conftest.c  >&5
conftest.c: In function 'main':
conftest.c:47:17: error: 'else' without a previous 'if'
   47 |                 else
      |                 ^~~~
conftest.c:51:17: warning: implicit declaration of function 'pthread_attr_getaffinity_np'; did you mean 'pthread_getaffinity_np'? [-Wimplicit-function-declaration]
   51 |                 pthread_attr_getaffinity_np (&attr, sizeof (cpu_set_t), &cpuset);
      |                 ^~~~~~~~~~~~~~~~~~~~~~~~~~~
      |                 pthread_getaffinity_np
conftest.c:52:17: warning: implicit declaration of function 'pthread_attr_setaffinity_np'; did you mean 'pthread_setaffinity_np'? [-Wimplicit-function-declaration]
   52 |                 pthread_attr_setaffinity_np (&attr, sizeof (cpu_set_t), &cpuset);
      |                 ^~~~~~~~~~~~~~~~~~~~~~~~~~~
      |                 pthread_setaffinity_np
configure:25511: $? = 1
configure: failed program was:
| /* confdefs.h */
| #define PACKAGE_NAME "aircrack-ng"
| #define PACKAGE_TARNAME "aircrack-ng"
| #define PACKAGE_VERSION "1.6.0"
| #define PACKAGE_STRING "aircrack-ng 1.6.0"
| #define PACKAGE_BUGREPORT "https://forum.aircrack-ng.org"
| #define PACKAGE_URL ""
| #define PACKAGE "aircrack-ng"
| #define VERSION "1.6.0"
| #define _REVISION "1.6.0"
| #define LT_CYGWIN_VER "-1-6-0.dll"
| #define HAVE_STDIO_H 1
| #define HAVE_STDLIB_H 1
| #define HAVE_STRING_H 1
| #define HAVE_INTTYPES_H 1
| #define HAVE_STDINT_H 1
| #define HAVE_STRINGS_H 1
| #define HAVE_SYS_STAT_H 1
| #define HAVE_SYS_TYPES_H 1
| #define HAVE_UNISTD_H 1
| #define STDC_HEADERS 1
| #define HAVE_DLFCN_H 1
| #define LT_OBJDIR ".libs/"
| #define HAVE_OPENSSL_CRYPTO_H 1
| #define HAVE_OPENSSL_CMAC_H 1
| #define HAVE_OPENSSL_CMAC_H 1
| #define HAVE_PCRE 1
| #define HAVE_SQLITE3_H 1
| #define HAVE_SQLITE3 1
| #define HAVE_SQLITE 1
| #define _LARGEFILE64_SOURCE 1
| /* end confdefs.h.  */
| 
| 
| 		#define _GNU_SOURCE
|    		#include <pthread.h>
| 
| int
| main (void)
| {
| 
|    		cpu_set_t cpuset;
|    		pthread_attr_t attr;
|    		pthread_getaffinity_np (pthread_self (), sizeof (cpu_set_t), &cpuset);
|    		if (CPU_ISSET (0, &cpuset))
|      		CPU_SET (1, &cpuset);
|    		else
|      		CPU_ZERO (&cpuset);
|    		pthread_setaffinity_np (pthread_self (), sizeof (cpu_set_t), &cpuset);
|    		pthread_attr_init (&attr);
|    		pthread_attr_getaffinity_np (&attr, sizeof (cpu_set_t), &cpuset);
|    		pthread_attr_setaffinity_np (&attr, sizeof (cpu_set_t), &cpuset);
| 
|   ;
|   return 0;
| }
| 
configure:25522: result: no
configure:25533: checking for library containing gethostbyname
configure:25563: gcc -o conftest.exe  -mconsole -mwindows  -I/usr/include/w32api -DCYGWIN -D_FORTIFY_SOURCE=2  -mconsole -mwindows conftest.c  >&5
configure:25563: $? = 0
configure:25583: result: none required
configure:25592: checking for library containing socket
configure:25622: gcc -o conftest.exe  -mconsole -mwindows  -I/usr/include/w32api -DCYGWIN -D_FORTIFY_SOURCE=2  -mconsole -mwindows conftest.c  >&5
configure:25622: $? = 0
configure:25642: result: none required
configure:25694: checking for dlopen in -ldl
configure:25717: gcc -o conftest.exe  -mconsole -mwindows  -I/usr/include/w32api -DCYGWIN -D_FORTIFY_SOURCE=2  -mconsole -mwindows conftest.c -ldl   >&5
configure:25717: $? = 0
configure:25727: result: yes
configure:25736: checking for sin in -lm
configure:25759: gcc -o conftest.exe  -mconsole -mwindows  -I/usr/include/w32api -DCYGWIN -D_FORTIFY_SOURCE=2  -mconsole -mwindows conftest.c -lm   -ldl >&5
conftest.c:37:6: warning: conflicting types for built-in function 'sin'; expected 'double(double)' [-Wbuiltin-declaration-mismatch]
   37 | char sin ();
      |      ^~~
conftest.c:1:1: note: 'sin' is declared in header '<math.h>'
    1 | /* confdefs.h */
configure:25759: $? = 0
configure:25769: result: yes
configure:25784: checking for posix_memalign
configure:25784: gcc -o conftest.exe   -I/usr/include/w32api -DCYGWIN -D_FORTIFY_SOURCE=2  -mconsole -mwindows conftest.c  -ldl -lm >&5
conftest.c:49:6: warning: conflicting types for built-in function 'posix_memalign'; expected 'int(void **, long unsigned int,  long unsigned int)' [-Wbuiltin-declaration-mismatch]
   49 | char posix_memalign ();
      |      ^~~~~~~~~~~~~~
configure:25784: $? = 0
configure:25784: result: yes
configure:25836: checking whether to build with code coverage support
configure:25857: result: no
configure:26215: checking for valgrind
configure:26250: result: no
configure:26550: checking for C compiler vendor
configure:26598: gcc -c  -mconsole -mwindows  -I/usr/include/w32api -DCYGWIN -D_FORTIFY_SOURCE=2 conftest.c >&5
conftest.c: In function 'main':
conftest.c:40:9: error: 'thisisanerror' undeclared (first use in this function)
   40 |         thisisanerror;
      |         ^~~~~~~~~~~~~
conftest.c:40:9: note: each undeclared identifier is reported only once for each function it appears in
configure:26598: $? = 1
configure: failed program was:
| /* confdefs.h */
| #define PACKAGE_NAME "aircrack-ng"
| #define PACKAGE_TARNAME "aircrack-ng"
| #define PACKAGE_VERSION "1.6.0"
| #define PACKAGE_STRING "aircrack-ng 1.6.0"
| #define PACKAGE_BUGREPORT "https://forum.aircrack-ng.org"
| #define PACKAGE_URL ""
| #define PACKAGE "aircrack-ng"
| #define VERSION "1.6.0"
| #define _REVISION "1.6.0"
| #define LT_CYGWIN_VER "-1-6-0.dll"
| #define HAVE_STDIO_H 1
| #define HAVE_STDLIB_H 1
| #define HAVE_STRING_H 1
| #define HAVE_INTTYPES_H 1
| #define HAVE_STDINT_H 1
| #define HAVE_STRINGS_H 1
| #define HAVE_SYS_STAT_H 1
| #define HAVE_SYS_TYPES_H 1
| #define HAVE_UNISTD_H 1
| #define STDC_HEADERS 1
| #define HAVE_DLFCN_H 1
| #define LT_OBJDIR ".libs/"
| #define HAVE_OPENSSL_CRYPTO_H 1
| #define HAVE_OPENSSL_CMAC_H 1
| #define HAVE_OPENSSL_CMAC_H 1
| #define HAVE_PCRE 1
| #define HAVE_SQLITE3_H 1
| #define HAVE_SQLITE3 1
| #define HAVE_SQLITE 1
| #define _LARGEFILE64_SOURCE 1
| #define HAVE_POSIX_MEMALIGN 1
| /* end confdefs.h.  */
| 
| int
| main (void)
| {
| 
|       #if !(defined(__ICC) || defined(__ECC) || defined(__INTEL_COMPILER))
|         thisisanerror;
|       #endif
| 
|   ;
|   return 0;
| }
configure:26598: gcc -c  -mconsole -mwindows  -I/usr/include/w32api -DCYGWIN -D_FORTIFY_SOURCE=2 conftest.c >&5
conftest.c: In function 'main':
conftest.c:40:9: error: 'thisisanerror' undeclared (first use in this function)
   40 |         thisisanerror;
      |         ^~~~~~~~~~~~~
conftest.c:40:9: note: each undeclared identifier is reported only once for each function it appears in
configure:26598: $? = 1
configure: failed program was:
| /* confdefs.h */
| #define PACKAGE_NAME "aircrack-ng"
| #define PACKAGE_TARNAME "aircrack-ng"
| #define PACKAGE_VERSION "1.6.0"
| #define PACKAGE_STRING "aircrack-ng 1.6.0"
| #define PACKAGE_BUGREPORT "https://forum.aircrack-ng.org"
| #define PACKAGE_URL ""
| #define PACKAGE "aircrack-ng"
| #define VERSION "1.6.0"
| #define _REVISION "1.6.0"
| #define LT_CYGWIN_VER "-1-6-0.dll"
| #define HAVE_STDIO_H 1
| #define HAVE_STDLIB_H 1
| #define HAVE_STRING_H 1
| #define HAVE_INTTYPES_H 1
| #define HAVE_STDINT_H 1
| #define HAVE_STRINGS_H 1
| #define HAVE_SYS_STAT_H 1
| #define HAVE_SYS_TYPES_H 1
| #define HAVE_UNISTD_H 1
| #define STDC_HEADERS 1
| #define HAVE_DLFCN_H 1
| #define LT_OBJDIR ".libs/"
| #define HAVE_OPENSSL_CRYPTO_H 1
| #define HAVE_OPENSSL_CMAC_H 1
| #define HAVE_OPENSSL_CMAC_H 1
| #define HAVE_PCRE 1
| #define HAVE_SQLITE3_H 1
| #define HAVE_SQLITE3 1
| #define HAVE_SQLITE 1
| #define _LARGEFILE64_SOURCE 1
| #define HAVE_POSIX_MEMALIGN 1
| /* end confdefs.h.  */
| 
| int
| main (void)
| {
| 
|       #if !(defined(__xlc__) || defined(__xlC__) || defined(__IBMC__) || defined(__IBMCPP__))
|         thisisanerror;
|       #endif
| 
|   ;
|   return 0;
| }
configure:26598: gcc -c  -mconsole -mwindows  -I/usr/include/w32api -DCYGWIN -D_FORTIFY_SOURCE=2 conftest.c >&5
conftest.c: In function 'main':
conftest.c:40:9: error: 'thisisanerror' undeclared (first use in this function)
   40 |         thisisanerror;
      |         ^~~~~~~~~~~~~
conftest.c:40:9: note: each undeclared identifier is reported only once for each function it appears in
configure:26598: $? = 1
configure: failed program was:
| /* confdefs.h */
| #define PACKAGE_NAME "aircrack-ng"
| #define PACKAGE_TARNAME "aircrack-ng"
| #define PACKAGE_VERSION "1.6.0"
| #define PACKAGE_STRING "aircrack-ng 1.6.0"
| #define PACKAGE_BUGREPORT "https://forum.aircrack-ng.org"
| #define PACKAGE_URL ""
| #define PACKAGE "aircrack-ng"
| #define VERSION "1.6.0"
| #define _REVISION "1.6.0"
| #define LT_CYGWIN_VER "-1-6-0.dll"
| #define HAVE_STDIO_H 1
| #define HAVE_STDLIB_H 1
| #define HAVE_STRING_H 1
| #define HAVE_INTTYPES_H 1
| #define HAVE_STDINT_H 1
| #define HAVE_STRINGS_H 1
| #define HAVE_SYS_STAT_H 1
| #define HAVE_SYS_TYPES_H 1
| #define HAVE_UNISTD_H 1
| #define STDC_HEADERS 1
| #define HAVE_DLFCN_H 1
| #define LT_OBJDIR ".libs/"
| #define HAVE_OPENSSL_CRYPTO_H 1
| #define HAVE_OPENSSL_CMAC_H 1
| #define HAVE_OPENSSL_CMAC_H 1
| #define HAVE_PCRE 1
| #define HAVE_SQLITE3_H 1
| #define HAVE_SQLITE3 1
| #define HAVE_SQLITE 1
| #define _LARGEFILE64_SOURCE 1
| #define HAVE_POSIX_MEMALIGN 1
| /* end confdefs.h.  */
| 
| int
| main (void)
| {
| 
|       #if !(defined(__PATHCC__) || defined(__PATHSCALE__))
|         thisisanerror;
|       #endif
| 
|   ;
|   return 0;
| }
configure:26598: gcc -c  -mconsole -mwindows  -I/usr/include/w32api -DCYGWIN -D_FORTIFY_SOURCE=2 conftest.c >&5
conftest.c: In function 'main':
conftest.c:40:9: error: 'thisisanerror' undeclared (first use in this function)
   40 |         thisisanerror;
      |         ^~~~~~~~~~~~~
conftest.c:40:9: note: each undeclared identifier is reported only once for each function it appears in
configure:26598: $? = 1
configure: failed program was:
| /* confdefs.h */
| #define PACKAGE_NAME "aircrack-ng"
| #define PACKAGE_TARNAME "aircrack-ng"
| #define PACKAGE_VERSION "1.6.0"
| #define PACKAGE_STRING "aircrack-ng 1.6.0"
| #define PACKAGE_BUGREPORT "https://forum.aircrack-ng.org"
| #define PACKAGE_URL ""
| #define PACKAGE "aircrack-ng"
| #define VERSION "1.6.0"
| #define _REVISION "1.6.0"
| #define LT_CYGWIN_VER "-1-6-0.dll"
| #define HAVE_STDIO_H 1
| #define HAVE_STDLIB_H 1
| #define HAVE_STRING_H 1
| #define HAVE_INTTYPES_H 1
| #define HAVE_STDINT_H 1
| #define HAVE_STRINGS_H 1
| #define HAVE_SYS_STAT_H 1
| #define HAVE_SYS_TYPES_H 1
| #define HAVE_UNISTD_H 1
| #define STDC_HEADERS 1
| #define HAVE_DLFCN_H 1
| #define LT_OBJDIR ".libs/"
| #define HAVE_OPENSSL_CRYPTO_H 1
| #define HAVE_OPENSSL_CMAC_H 1
| #define HAVE_OPENSSL_CMAC_H 1
| #define HAVE_PCRE 1
| #define HAVE_SQLITE3_H 1
| #define HAVE_SQLITE3 1
| #define HAVE_SQLITE 1
| #define _LARGEFILE64_SOURCE 1
| #define HAVE_POSIX_MEMALIGN 1
| /* end confdefs.h.  */
| 
| int
| main (void)
| {
| 
|       #if !(defined(__clang__))
|         thisisanerror;
|       #endif
| 
|   ;
|   return 0;
| }
configure:26598: gcc -c  -mconsole -mwindows  -I/usr/include/w32api -DCYGWIN -D_FORTIFY_SOURCE=2 conftest.c >&5
conftest.c: In function 'main':
conftest.c:40:9: error: 'thisisanerror' undeclared (first use in this function)
   40 |         thisisanerror;
      |         ^~~~~~~~~~~~~
conftest.c:40:9: note: each undeclared identifier is reported only once for each function it appears in
configure:26598: $? = 1
configure: failed program was:
| /* confdefs.h */
| #define PACKAGE_NAME "aircrack-ng"
| #define PACKAGE_TARNAME "aircrack-ng"
| #define PACKAGE_VERSION "1.6.0"
| #define PACKAGE_STRING "aircrack-ng 1.6.0"
| #define PACKAGE_BUGREPORT "https://forum.aircrack-ng.org"
| #define PACKAGE_URL ""
| #define PACKAGE "aircrack-ng"
| #define VERSION "1.6.0"
| #define _REVISION "1.6.0"
| #define LT_CYGWIN_VER "-1-6-0.dll"
| #define HAVE_STDIO_H 1
| #define HAVE_STDLIB_H 1
| #define HAVE_STRING_H 1
| #define HAVE_INTTYPES_H 1
| #define HAVE_STDINT_H 1
| #define HAVE_STRINGS_H 1
| #define HAVE_SYS_STAT_H 1
| #define HAVE_SYS_TYPES_H 1
| #define HAVE_UNISTD_H 1
| #define STDC_HEADERS 1
| #define HAVE_DLFCN_H 1
| #define LT_OBJDIR ".libs/"
| #define HAVE_OPENSSL_CRYPTO_H 1
| #define HAVE_OPENSSL_CMAC_H 1
| #define HAVE_OPENSSL_CMAC_H 1
| #define HAVE_PCRE 1
| #define HAVE_SQLITE3_H 1
| #define HAVE_SQLITE3 1
| #define HAVE_SQLITE 1
| #define _LARGEFILE64_SOURCE 1
| #define HAVE_POSIX_MEMALIGN 1
| /* end confdefs.h.  */
| 
| int
| main (void)
| {
| 
|       #if !(defined(_CRAYC))
|         thisisanerror;
|       #endif
| 
|   ;
|   return 0;
| }
configure:26598: gcc -c  -mconsole -mwindows  -I/usr/include/w32api -DCYGWIN -D_FORTIFY_SOURCE=2 conftest.c >&5
conftest.c: In function 'main':
conftest.c:40:9: error: 'thisisanerror' undeclared (first use in this function)
   40 |         thisisanerror;
      |         ^~~~~~~~~~~~~
conftest.c:40:9: note: each undeclared identifier is reported only once for each function it appears in
configure:26598: $? = 1
configure: failed program was:
| /* confdefs.h */
| #define PACKAGE_NAME "aircrack-ng"
| #define PACKAGE_TARNAME "aircrack-ng"
| #define PACKAGE_VERSION "1.6.0"
| #define PACKAGE_STRING "aircrack-ng 1.6.0"
| #define PACKAGE_BUGREPORT "https://forum.aircrack-ng.org"
| #define PACKAGE_URL ""
| #define PACKAGE "aircrack-ng"
| #define VERSION "1.6.0"
| #define _REVISION "1.6.0"
| #define LT_CYGWIN_VER "-1-6-0.dll"
| #define HAVE_STDIO_H 1
| #define HAVE_STDLIB_H 1
| #define HAVE_STRING_H 1
| #define HAVE_INTTYPES_H 1
| #define HAVE_STDINT_H 1
| #define HAVE_STRINGS_H 1
| #define HAVE_SYS_STAT_H 1
| #define HAVE_SYS_TYPES_H 1
| #define HAVE_UNISTD_H 1
| #define STDC_HEADERS 1
| #define HAVE_DLFCN_H 1
| #define LT_OBJDIR ".libs/"
| #define HAVE_OPENSSL_CRYPTO_H 1
| #define HAVE_OPENSSL_CMAC_H 1
| #define HAVE_OPENSSL_CMAC_H 1
| #define HAVE_PCRE 1
| #define HAVE_SQLITE3_H 1
| #define HAVE_SQLITE3 1
| #define HAVE_SQLITE 1
| #define _LARGEFILE64_SOURCE 1
| #define HAVE_POSIX_MEMALIGN 1
| /* end confdefs.h.  */
| 
| int
| main (void)
| {
| 
|       #if !(defined(__FUJITSU))
|         thisisanerror;
|       #endif
| 
|   ;
|   return 0;
| }
configure:26598: gcc -c  -mconsole -mwindows  -I/usr/include/w32api -DCYGWIN -D_FORTIFY_SOURCE=2 conftest.c >&5
configure:26598: $? = 0
configure:26607: result: gnu
configure:26612: checking for C compiler version
configure:26855: gcc -o conftest.exe  -mconsole -mwindows  -I/usr/include/w32api -DCYGWIN -D_FORTIFY_SOURCE=2  -mconsole -mwindows conftest.c  -ldl -lm >&5
configure:26855: $? = 0
configure:26855: ./conftest.exe
configure:26855: $? = 0
configure:26865: gcc -o conftest.exe  -mconsole -mwindows  -I/usr/include/w32api -DCYGWIN -D_FORTIFY_SOURCE=2  -mconsole -mwindows conftest.c  -ldl -lm >&5
configure:26865: $? = 0
configure:26865: ./conftest.exe
configure:26865: $? = 0
configure:26875: gcc -o conftest.exe  -mconsole -mwindows  -I/usr/include/w32api -DCYGWIN -D_FORTIFY_SOURCE=2  -mconsole -mwindows conftest.c  -ldl -lm >&5
configure:26875: $? = 0
configure:26875: ./conftest.exe
configure:26875: $? = 0
configure:27589: result: 11.2.0
configure:27601: checking CFLAGS for maximum warnings
configure:27622: gcc -c  -warn all  -warn all  -I/usr/include/w32api -DCYGWIN -D_FORTIFY_SOURCE=2 conftest.c >&5
gcc: error: unrecognized command-line option '-warn'; did you mean '--warn-'?
gcc: error: unrecognized command-line option '-warn'; did you mean '--warn-'?
configure:27622: $? = 1
configure: failed program was:
| /* confdefs.h */
| #define PACKAGE_NAME "aircrack-ng"
| #define PACKAGE_TARNAME "aircrack-ng"
| #define PACKAGE_VERSION "1.6.0"
| #define PACKAGE_STRING "aircrack-ng 1.6.0"
| #define PACKAGE_BUGREPORT "https://forum.aircrack-ng.org"
| #define PACKAGE_URL ""
| #define PACKAGE "aircrack-ng"
| #define VERSION "1.6.0"
| #define _REVISION "1.6.0"
| #define LT_CYGWIN_VER "-1-6-0.dll"
| #define HAVE_STDIO_H 1
| #define HAVE_STDLIB_H 1
| #define HAVE_STRING_H 1
| #define HAVE_INTTYPES_H 1
| #define HAVE_STDINT_H 1
| #define HAVE_STRINGS_H 1
| #define HAVE_SYS_STAT_H 1
| #define HAVE_SYS_TYPES_H 1
| #define HAVE_UNISTD_H 1
| #define STDC_HEADERS 1
| #define HAVE_DLFCN_H 1
| #define LT_OBJDIR ".libs/"
| #define HAVE_OPENSSL_CRYPTO_H 1
| #define HAVE_OPENSSL_CMAC_H 1
| #define HAVE_OPENSSL_CMAC_H 1
| #define HAVE_PCRE 1
| #define HAVE_SQLITE3_H 1
| #define HAVE_SQLITE3 1
| #define HAVE_SQLITE 1
| #define _LARGEFILE64_SOURCE 1
| #define HAVE_POSIX_MEMALIGN 1
| /* end confdefs.h.  */
| 
| int
| main (void)
| {
| 
|   ;
|   return 0;
| }
configure:27622: gcc -c  -pedantic  -Wall  -I/usr/include/w32api -DCYGWIN -D_FORTIFY_SOURCE=2 conftest.c >&5
configure:27622: $? = 0
configure:27631: result: -Wall
configure:27652: : CFLAGS="$CFLAGS"
configure:27655: $? = 0
configure:27705: : opt_cflags="$opt_cflags"
configure:27708: $? = 0
configure:27723: checking CXXFLAGS for maximum warnings
configure:27744: g++ -c  -warn all  -warn all  -I/usr/include/w32api -DCYGWIN -D_FORTIFY_SOURCE=2 conftest.cpp >&5
g++: error: unrecognized command-line option '-warn'; did you mean '--warn-'?
g++: error: unrecognized command-line option '-warn'; did you mean '--warn-'?
configure:27744: $? = 1
configure: failed program was:
| /* confdefs.h */
| #define PACKAGE_NAME "aircrack-ng"
| #define PACKAGE_TARNAME "aircrack-ng"
| #define PACKAGE_VERSION "1.6.0"
| #define PACKAGE_STRING "aircrack-ng 1.6.0"
| #define PACKAGE_BUGREPORT "https://forum.aircrack-ng.org"
| #define PACKAGE_URL ""
| #define PACKAGE "aircrack-ng"
| #define VERSION "1.6.0"
| #define _REVISION "1.6.0"
| #define LT_CYGWIN_VER "-1-6-0.dll"
| #define HAVE_STDIO_H 1
| #define HAVE_STDLIB_H 1
| #define HAVE_STRING_H 1
| #define HAVE_INTTYPES_H 1
| #define HAVE_STDINT_H 1
| #define HAVE_STRINGS_H 1
| #define HAVE_SYS_STAT_H 1
| #define HAVE_SYS_TYPES_H 1
| #define HAVE_UNISTD_H 1
| #define STDC_HEADERS 1
| #define HAVE_DLFCN_H 1
| #define LT_OBJDIR ".libs/"
| #define HAVE_OPENSSL_CRYPTO_H 1
| #define HAVE_OPENSSL_CMAC_H 1
| #define HAVE_OPENSSL_CMAC_H 1
| #define HAVE_PCRE 1
| #define HAVE_SQLITE3_H 1
| #define HAVE_SQLITE3 1
| #define HAVE_SQLITE 1
| #define _LARGEFILE64_SOURCE 1
| #define HAVE_POSIX_MEMALIGN 1
| /* end confdefs.h.  */
| 
| int
| main (void)
| {
| 
|   ;
|   return 0;
| }
configure:27744: g++ -c  -pedantic  -Wall  -I/usr/include/w32api -DCYGWIN -D_FORTIFY_SOURCE=2 conftest.cpp >&5
configure:27744: $? = 0
configure:27753: result: -Wall
configure:27774: : CXXFLAGS="$CXXFLAGS"
configure:27777: $? = 0
configure:27827: : opt_cxxflags="$opt_cxxflags"
configure:27830: $? = 0
configure:27987: checking whether C compiler accepts -O3
configure:28007: gcc -c  -mconsole -mwindows  -O3  -I/usr/include/w32api -DCYGWIN -D_FORTIFY_SOURCE=2 conftest.c >&5
configure:28007: $? = 0
configure:28016: result: yes
configure:28035: : opt_cflags="$opt_cflags"
configure:28038: $? = 0
configure:28066: checking whether C compiler accepts -std=gnu99
configure:28086: gcc -c  -mconsole -mwindows  -std=gnu99  -I/usr/include/w32api -DCYGWIN -D_FORTIFY_SOURCE=2 conftest.c >&5
configure:28086: $? = 0
configure:28095: result: yes
configure:28114: : opt_cflags="$opt_cflags"
configure:28117: $? = 0
configure:28139: checking whether C compiler accepts -fno-strict-aliasing
configure:28159: gcc -c  -mconsole -mwindows  -fno-strict-aliasing  -I/usr/include/w32api -DCYGWIN -D_FORTIFY_SOURCE=2 conftest.c >&5
configure:28159: $? = 0
configure:28168: result: yes
configure:28187: : opt_cflags="$opt_cflags"
configure:28190: $? = 0
configure:28212: checking whether C compiler accepts -Wpointer-arith
configure:28232: gcc -c  -mconsole -mwindows  -Wpointer-arith  -I/usr/include/w32api -DCYGWIN -D_FORTIFY_SOURCE=2 conftest.c >&5
configure:28232: $? = 0
configure:28241: result: yes
configure:28260: : opt_cflags="$opt_cflags"
configure:28263: $? = 0
configure:28287: checking whether C compiler accepts -Wstrict-overflow=2
configure:28307: gcc -c  -mconsole -mwindows  -Wstrict-overflow=2  -I/usr/include/w32api -DCYGWIN -D_FORTIFY_SOURCE=2 conftest.c >&5
configure:28307: $? = 0
configure:28316: result: yes
configure:28335: : opt_cflags="$opt_cflags"
configure:28338: $? = 0
configure:28416: : opt_cflags="$opt_cflags"
configure:28419: $? = 0
configure:28439: checking whether C compiler accepts -fvisibility=hidden
configure:28459: gcc -c  -mconsole -mwindows  -fvisibility=hidden  -I/usr/include/w32api -DCYGWIN -D_FORTIFY_SOURCE=2 conftest.c >&5
configure:28459: $? = 0
configure:28468: result: yes
configure:28487: : opt_cflags="$opt_cflags"
configure:28490: $? = 0
configure:28805: checking whether C compiler accepts -Wno-unused-but-set-variable
configure:28825: gcc -c  -mconsole -mwindows  -Wno-unused-but-set-variable  -I/usr/include/w32api -DCYGWIN -D_FORTIFY_SOURCE=2 conftest.c >&5
configure:28825: $? = 0
configure:28834: result: yes
configure:28853: : opt_cflags="$opt_cflags"
configure:28856: $? = 0
configure:28879: checking whether C compiler accepts -Wno-array-bounds
configure:28899: gcc -c  -mconsole -mwindows  -Wno-array-bounds  -I/usr/include/w32api -DCYGWIN -D_FORTIFY_SOURCE=2 conftest.c >&5
configure:28899: $? = 0
configure:28908: result: yes
configure:28927: : opt_cflags="$opt_cflags"
configure:28930: $? = 0
configure:28984: checking for C++ compiler vendor
configure:29032: g++ -c  -mconsole -mwindows  -I/usr/include/w32api -DCYGWIN -D_FORTIFY_SOURCE=2 conftest.cpp >&5
conftest.cpp: In function 'int main()':
conftest.cpp:40:9: error: 'thisisanerror' was not declared in this scope
   40 |         thisisanerror;
      |         ^~~~~~~~~~~~~
configure:29032: $? = 1
configure: failed program was:
| /* confdefs.h */
| #define PACKAGE_NAME "aircrack-ng"
| #define PACKAGE_TARNAME "aircrack-ng"
| #define PACKAGE_VERSION "1.6.0"
| #define PACKAGE_STRING "aircrack-ng 1.6.0"
| #define PACKAGE_BUGREPORT "https://forum.aircrack-ng.org"
| #define PACKAGE_URL ""
| #define PACKAGE "aircrack-ng"
| #define VERSION "1.6.0"
| #define _REVISION "1.6.0"
| #define LT_CYGWIN_VER "-1-6-0.dll"
| #define HAVE_STDIO_H 1
| #define HAVE_STDLIB_H 1
| #define HAVE_STRING_H 1
| #define HAVE_INTTYPES_H 1
| #define HAVE_STDINT_H 1
| #define HAVE_STRINGS_H 1
| #define HAVE_SYS_STAT_H 1
| #define HAVE_SYS_TYPES_H 1
| #define HAVE_UNISTD_H 1
| #define STDC_HEADERS 1
| #define HAVE_DLFCN_H 1
| #define LT_OBJDIR ".libs/"
| #define HAVE_OPENSSL_CRYPTO_H 1
| #define HAVE_OPENSSL_CMAC_H 1
| #define HAVE_OPENSSL_CMAC_H 1
| #define HAVE_PCRE 1
| #define HAVE_SQLITE3_H 1
| #define HAVE_SQLITE3 1
| #define HAVE_SQLITE 1
| #define _LARGEFILE64_SOURCE 1
| #define HAVE_POSIX_MEMALIGN 1
| /* end confdefs.h.  */
| 
| int
| main (void)
| {
| 
|       #if !(defined(__ICC) || defined(__ECC) || defined(__INTEL_COMPILER))
|         thisisanerror;
|       #endif
| 
|   ;
|   return 0;
| }
configure:29032: g++ -c  -mconsole -mwindows  -I/usr/include/w32api -DCYGWIN -D_FORTIFY_SOURCE=2 conftest.cpp >&5
conftest.cpp: In function 'int main()':
conftest.cpp:40:9: error: 'thisisanerror' was not declared in this scope
   40 |         thisisanerror;
      |         ^~~~~~~~~~~~~
configure:29032: $? = 1
configure: failed program was:
| /* confdefs.h */
| #define PACKAGE_NAME "aircrack-ng"
| #define PACKAGE_TARNAME "aircrack-ng"
| #define PACKAGE_VERSION "1.6.0"
| #define PACKAGE_STRING "aircrack-ng 1.6.0"
| #define PACKAGE_BUGREPORT "https://forum.aircrack-ng.org"
| #define PACKAGE_URL ""
| #define PACKAGE "aircrack-ng"
| #define VERSION "1.6.0"
| #define _REVISION "1.6.0"
| #define LT_CYGWIN_VER "-1-6-0.dll"
| #define HAVE_STDIO_H 1
| #define HAVE_STDLIB_H 1
| #define HAVE_STRING_H 1
| #define HAVE_INTTYPES_H 1
| #define HAVE_STDINT_H 1
| #define HAVE_STRINGS_H 1
| #define HAVE_SYS_STAT_H 1
| #define HAVE_SYS_TYPES_H 1
| #define HAVE_UNISTD_H 1
| #define STDC_HEADERS 1
| #define HAVE_DLFCN_H 1
| #define LT_OBJDIR ".libs/"
| #define HAVE_OPENSSL_CRYPTO_H 1
| #define HAVE_OPENSSL_CMAC_H 1
| #define HAVE_OPENSSL_CMAC_H 1
| #define HAVE_PCRE 1
| #define HAVE_SQLITE3_H 1
| #define HAVE_SQLITE3 1
| #define HAVE_SQLITE 1
| #define _LARGEFILE64_SOURCE 1
| #define HAVE_POSIX_MEMALIGN 1
| /* end confdefs.h.  */
| 
| int
| main (void)
| {
| 
|       #if !(defined(__xlc__) || defined(__xlC__) || defined(__IBMC__) || defined(__IBMCPP__))
|         thisisanerror;
|       #endif
| 
|   ;
|   return 0;
| }
configure:29032: g++ -c  -mconsole -mwindows  -I/usr/include/w32api -DCYGWIN -D_FORTIFY_SOURCE=2 conftest.cpp >&5
conftest.cpp: In function 'int main()':
conftest.cpp:40:9: error: 'thisisanerror' was not declared in this scope
   40 |         thisisanerror;
      |         ^~~~~~~~~~~~~
configure:29032: $? = 1
configure: failed program was:
| /* confdefs.h */
| #define PACKAGE_NAME "aircrack-ng"
| #define PACKAGE_TARNAME "aircrack-ng"
| #define PACKAGE_VERSION "1.6.0"
| #define PACKAGE_STRING "aircrack-ng 1.6.0"
| #define PACKAGE_BUGREPORT "https://forum.aircrack-ng.org"
| #define PACKAGE_URL ""
| #define PACKAGE "aircrack-ng"
| #define VERSION "1.6.0"
| #define _REVISION "1.6.0"
| #define LT_CYGWIN_VER "-1-6-0.dll"
| #define HAVE_STDIO_H 1
| #define HAVE_STDLIB_H 1
| #define HAVE_STRING_H 1
| #define HAVE_INTTYPES_H 1
| #define HAVE_STDINT_H 1
| #define HAVE_STRINGS_H 1
| #define HAVE_SYS_STAT_H 1
| #define HAVE_SYS_TYPES_H 1
| #define HAVE_UNISTD_H 1
| #define STDC_HEADERS 1
| #define HAVE_DLFCN_H 1
| #define LT_OBJDIR ".libs/"
| #define HAVE_OPENSSL_CRYPTO_H 1
| #define HAVE_OPENSSL_CMAC_H 1
| #define HAVE_OPENSSL_CMAC_H 1
| #define HAVE_PCRE 1
| #define HAVE_SQLITE3_H 1
| #define HAVE_SQLITE3 1
| #define HAVE_SQLITE 1
| #define _LARGEFILE64_SOURCE 1
| #define HAVE_POSIX_MEMALIGN 1
| /* end confdefs.h.  */
| 
| int
| main (void)
| {
| 
|       #if !(defined(__PATHCC__) || defined(__PATHSCALE__))
|         thisisanerror;
|       #endif
| 
|   ;
|   return 0;
| }
configure:29032: g++ -c  -mconsole -mwindows  -I/usr/include/w32api -DCYGWIN -D_FORTIFY_SOURCE=2 conftest.cpp >&5
conftest.cpp: In function 'int main()':
conftest.cpp:40:9: error: 'thisisanerror' was not declared in this scope
   40 |         thisisanerror;
      |         ^~~~~~~~~~~~~
configure:29032: $? = 1
configure: failed program was:
| /* confdefs.h */
| #define PACKAGE_NAME "aircrack-ng"
| #define PACKAGE_TARNAME "aircrack-ng"
| #define PACKAGE_VERSION "1.6.0"
| #define PACKAGE_STRING "aircrack-ng 1.6.0"
| #define PACKAGE_BUGREPORT "https://forum.aircrack-ng.org"
| #define PACKAGE_URL ""
| #define PACKAGE "aircrack-ng"
| #define VERSION "1.6.0"
| #define _REVISION "1.6.0"
| #define LT_CYGWIN_VER "-1-6-0.dll"
| #define HAVE_STDIO_H 1
| #define HAVE_STDLIB_H 1
| #define HAVE_STRING_H 1
| #define HAVE_INTTYPES_H 1
| #define HAVE_STDINT_H 1
| #define HAVE_STRINGS_H 1
| #define HAVE_SYS_STAT_H 1
| #define HAVE_SYS_TYPES_H 1
| #define HAVE_UNISTD_H 1
| #define STDC_HEADERS 1
| #define HAVE_DLFCN_H 1
| #define LT_OBJDIR ".libs/"
| #define HAVE_OPENSSL_CRYPTO_H 1
| #define HAVE_OPENSSL_CMAC_H 1
| #define HAVE_OPENSSL_CMAC_H 1
| #define HAVE_PCRE 1
| #define HAVE_SQLITE3_H 1
| #define HAVE_SQLITE3 1
| #define HAVE_SQLITE 1
| #define _LARGEFILE64_SOURCE 1
| #define HAVE_POSIX_MEMALIGN 1
| /* end confdefs.h.  */
| 
| int
| main (void)
| {
| 
|       #if !(defined(__clang__))
|         thisisanerror;
|       #endif
| 
|   ;
|   return 0;
| }
configure:29032: g++ -c  -mconsole -mwindows  -I/usr/include/w32api -DCYGWIN -D_FORTIFY_SOURCE=2 conftest.cpp >&5
conftest.cpp: In function 'int main()':
conftest.cpp:40:9: error: 'thisisanerror' was not declared in this scope
   40 |         thisisanerror;
      |         ^~~~~~~~~~~~~
configure:29032: $? = 1
configure: failed program was:
| /* confdefs.h */
| #define PACKAGE_NAME "aircrack-ng"
| #define PACKAGE_TARNAME "aircrack-ng"
| #define PACKAGE_VERSION "1.6.0"
| #define PACKAGE_STRING "aircrack-ng 1.6.0"
| #define PACKAGE_BUGREPORT "https://forum.aircrack-ng.org"
| #define PACKAGE_URL ""
| #define PACKAGE "aircrack-ng"
| #define VERSION "1.6.0"
| #define _REVISION "1.6.0"
| #define LT_CYGWIN_VER "-1-6-0.dll"
| #define HAVE_STDIO_H 1
| #define HAVE_STDLIB_H 1
| #define HAVE_STRING_H 1
| #define HAVE_INTTYPES_H 1
| #define HAVE_STDINT_H 1
| #define HAVE_STRINGS_H 1
| #define HAVE_SYS_STAT_H 1
| #define HAVE_SYS_TYPES_H 1
| #define HAVE_UNISTD_H 1
| #define STDC_HEADERS 1
| #define HAVE_DLFCN_H 1
| #define LT_OBJDIR ".libs/"
| #define HAVE_OPENSSL_CRYPTO_H 1
| #define HAVE_OPENSSL_CMAC_H 1
| #define HAVE_OPENSSL_CMAC_H 1
| #define HAVE_PCRE 1
| #define HAVE_SQLITE3_H 1
| #define HAVE_SQLITE3 1
| #define HAVE_SQLITE 1
| #define _LARGEFILE64_SOURCE 1
| #define HAVE_POSIX_MEMALIGN 1
| /* end confdefs.h.  */
| 
| int
| main (void)
| {
| 
|       #if !(defined(_CRAYC))
|         thisisanerror;
|       #endif
| 
|   ;
|   return 0;
| }
configure:29032: g++ -c  -mconsole -mwindows  -I/usr/include/w32api -DCYGWIN -D_FORTIFY_SOURCE=2 conftest.cpp >&5
conftest.cpp: In function 'int main()':
conftest.cpp:40:9: error: 'thisisanerror' was not declared in this scope
   40 |         thisisanerror;
      |         ^~~~~~~~~~~~~
configure:29032: $? = 1
configure: failed program was:
| /* confdefs.h */
| #define PACKAGE_NAME "aircrack-ng"
| #define PACKAGE_TARNAME "aircrack-ng"
| #define PACKAGE_VERSION "1.6.0"
| #define PACKAGE_STRING "aircrack-ng 1.6.0"
| #define PACKAGE_BUGREPORT "https://forum.aircrack-ng.org"
| #define PACKAGE_URL ""
| #define PACKAGE "aircrack-ng"
| #define VERSION "1.6.0"
| #define _REVISION "1.6.0"
| #define LT_CYGWIN_VER "-1-6-0.dll"
| #define HAVE_STDIO_H 1
| #define HAVE_STDLIB_H 1
| #define HAVE_STRING_H 1
| #define HAVE_INTTYPES_H 1
| #define HAVE_STDINT_H 1
| #define HAVE_STRINGS_H 1
| #define HAVE_SYS_STAT_H 1
| #define HAVE_SYS_TYPES_H 1
| #define HAVE_UNISTD_H 1
| #define STDC_HEADERS 1
| #define HAVE_DLFCN_H 1
| #define LT_OBJDIR ".libs/"
| #define HAVE_OPENSSL_CRYPTO_H 1
| #define HAVE_OPENSSL_CMAC_H 1
| #define HAVE_OPENSSL_CMAC_H 1
| #define HAVE_PCRE 1
| #define HAVE_SQLITE3_H 1
| #define HAVE_SQLITE3 1
| #define HAVE_SQLITE 1
| #define _LARGEFILE64_SOURCE 1
| #define HAVE_POSIX_MEMALIGN 1
| /* end confdefs.h.  */
| 
| int
| main (void)
| {
| 
|       #if !(defined(__FUJITSU))
|         thisisanerror;
|       #endif
| 
|   ;
|   return 0;
| }
configure:29032: g++ -c  -mconsole -mwindows  -I/usr/include/w32api -DCYGWIN -D_FORTIFY_SOURCE=2 conftest.cpp >&5
configure:29032: $? = 0
configure:29041: result: gnu
configure:29046: checking for C++ compiler version
configure:29289: g++ -o conftest.exe  -mconsole -mwindows  -I/usr/include/w32api -DCYGWIN -D_FORTIFY_SOURCE=2  -mconsole -mwindows conftest.cpp  -ldl -lm >&5
configure:29289: $? = 0
configure:29289: ./conftest.exe
configure:29289: $? = 0
configure:29299: g++ -o conftest.exe  -mconsole -mwindows  -I/usr/include/w32api -DCYGWIN -D_FORTIFY_SOURCE=2  -mconsole -mwindows conftest.cpp  -ldl -lm >&5
configure:29299: $? = 0
configure:29299: ./conftest.exe
configure:29299: $? = 0
configure:29309: g++ -o conftest.exe  -mconsole -mwindows  -I/usr/include/w32api -DCYGWIN -D_FORTIFY_SOURCE=2  -mconsole -mwindows conftest.cpp  -ldl -lm >&5
configure:29309: $? = 0
configure:29309: ./conftest.exe
configure:29309: $? = 0
configure:30023: result: 11.2.0
configure:30035: checking CFLAGS for maximum warnings
configure:30065: result: -Wall
configure:30086: : CFLAGS="$CFLAGS"
configure:30089: $? = 0
configure:30120: : opt_cflags already contains $CFLAGS
configure:30123: $? = 0
configure:30157: checking CXXFLAGS for maximum warnings
configure:30187: result: -Wall
configure:30208: : CXXFLAGS="$CXXFLAGS"
configure:30211: $? = 0
configure:30242: : opt_cxxflags already contains $CXXFLAGS
configure:30245: $? = 0
configure:30421: checking whether C++ compiler accepts -O3
configure:30441: g++ -c  -mconsole -mwindows  -O3  -I/usr/include/w32api -DCYGWIN -D_FORTIFY_SOURCE=2 conftest.cpp >&5
configure:30441: $? = 0
configure:30450: result: yes
configure:30469: : opt_cxxflags="$opt_cxxflags"
configure:30472: $? = 0
configure:30500: checking whether C++ compiler accepts -fvisibility=hidden
configure:30520: g++ -c  -mconsole -mwindows  -fvisibility=hidden  -I/usr/include/w32api -DCYGWIN -D_FORTIFY_SOURCE=2 conftest.cpp >&5
configure:30520: $? = 0
configure:30529: result: yes
configure:30548: : opt_cxxflags="$opt_cxxflags"
configure:30551: $? = 0
configure:30866: checking whether C++ compiler accepts -Wno-unused-but-set-variable
configure:30886: g++ -c  -mconsole -mwindows  -Wno-unused-but-set-variable  -I/usr/include/w32api -DCYGWIN -D_FORTIFY_SOURCE=2 conftest.cpp >&5
configure:30886: $? = 0
configure:30895: result: yes
configure:30914: : opt_cxxflags="$opt_cxxflags"
configure:30917: $? = 0
configure:30940: checking whether C++ compiler accepts -Wno-array-bounds
configure:30960: g++ -c  -mconsole -mwindows  -Wno-array-bounds  -I/usr/include/w32api -DCYGWIN -D_FORTIFY_SOURCE=2 conftest.cpp >&5
configure:30960: $? = 0
configure:30969: result: yes
configure:30988: : opt_cxxflags="$opt_cxxflags"
configure:30991: $? = 0
configure:31043: checking for C compiler vendor
configure:31100: result: gnu
configure:31105: checking for C compiler version
configure:32082: result: 11.2.0
configure:33069: checking whether C compiler accepts -mavx2
configure:33089: gcc -c  -mconsole -mwindows  -mavx2  -I/usr/include/w32api -DCYGWIN -D_FORTIFY_SOURCE=2 conftest.c >&5
configure:33089: $? = 0
configure:33098: result: yes
configure:33128: : x86_avx2_cflags="$x86_avx2_cflags"
configure:33131: $? = 0
configure:33143: checking whether C compiler accepts -mavx
configure:33163: gcc -c  -mconsole -mwindows  -mavx  -I/usr/include/w32api -DCYGWIN -D_FORTIFY_SOURCE=2 conftest.c >&5
configure:33163: $? = 0
configure:33172: result: yes
configure:33202: : x86_avx_cflags="$x86_avx_cflags"
configure:33205: $? = 0
configure:33217: checking whether C compiler accepts -msse2
configure:33237: gcc -c  -mconsole -mwindows  -msse2  -I/usr/include/w32api -DCYGWIN -D_FORTIFY_SOURCE=2 conftest.c >&5
configure:33237: $? = 0
configure:33246: result: yes
configure:33276: : x86_sse2_cflags="$x86_sse2_cflags"
configure:33279: $? = 0
configure:33291: checking whether C compiler accepts -mmmx
configure:33311: gcc -c  -mconsole -mwindows  -mmmx  -I/usr/include/w32api -DCYGWIN -D_FORTIFY_SOURCE=2 conftest.c >&5
configure:33311: $? = 0
configure:33320: result: yes
configure:33350: : x86_mmx_cflags="$x86_mmx_cflags"
configure:33353: $? = 0
configure:33449: checking for C++ compiler vendor
configure:33506: result: gnu
configure:33511: checking for C++ compiler version
configure:34488: result: 11.2.0
configure:34530: checking whether C++ compiler accepts -masm=intel
configure:34550: g++ -c  -mconsole -mwindows  -masm=intel  -I/usr/include/w32api -DCYGWIN -D_FORTIFY_SOURCE=2 conftest.cpp >&5
configure:34550: $? = 0
configure:34559: result: yes
configure:34578: : opt_cxxflags="$opt_cxxflags"
configure:34581: $? = 0
configure:35551: checking whether C++ compiler accepts -mavx2
configure:35571: g++ -c  -mconsole -mwindows  -mavx2  -I/usr/include/w32api -DCYGWIN -D_FORTIFY_SOURCE=2 conftest.cpp >&5
configure:35571: $? = 0
configure:35580: result: yes
configure:35610: : x86_avx2_cxxflags="$x86_avx2_cxxflags"
configure:35613: $? = 0
configure:35625: checking whether C++ compiler accepts -mavx
configure:35645: g++ -c  -mconsole -mwindows  -mavx  -I/usr/include/w32api -DCYGWIN -D_FORTIFY_SOURCE=2 conftest.cpp >&5
configure:35645: $? = 0
configure:35654: result: yes
configure:35684: : x86_avx_cxxflags="$x86_avx_cxxflags"
configure:35687: $? = 0
configure:35699: checking whether C++ compiler accepts -msse2
configure:35719: g++ -c  -mconsole -mwindows  -msse2  -I/usr/include/w32api -DCYGWIN -D_FORTIFY_SOURCE=2 conftest.cpp >&5
configure:35719: $? = 0
configure:35728: result: yes
configure:35758: : x86_sse2_cxxflags="$x86_sse2_cxxflags"
configure:35761: $? = 0
configure:35773: checking whether C++ compiler accepts -mmmx
configure:35793: g++ -c  -mconsole -mwindows  -mmmx  -I/usr/include/w32api -DCYGWIN -D_FORTIFY_SOURCE=2 conftest.cpp >&5
configure:35793: $? = 0
configure:35802: result: yes
configure:35832: : x86_mmx_cxxflags="$x86_mmx_cxxflags"
configure:35835: $? = 0
configure:35989: checking for malloc in -lduma
configure:36012: gcc -o conftest.exe  -mconsole -mwindows  -I/usr/include/w32api -DCYGWIN -D_FORTIFY_SOURCE=2  -mconsole -mwindows conftest.c -lduma   -ldl -lm >&5
conftest.c:41:6: warning: conflicting types for built-in function 'malloc'; expected 'void *(long unsigned int)' [-Wbuiltin-declaration-mismatch]
   41 | char malloc ();
      |      ^~~~~~
conftest.c:1:1: note: 'malloc' is declared in header '<stdlib.h>'
    1 | /* confdefs.h */
/usr/lib/gcc/x86_64-pc-cygwin/11/../../../../x86_64-pc-cygwin/bin/ld: cannot find -lduma
collect2: error: ld returned 1 exit status
configure:36012: $? = 1
configure: failed program was:
| /* confdefs.h */
| #define PACKAGE_NAME "aircrack-ng"
| #define PACKAGE_TARNAME "aircrack-ng"
| #define PACKAGE_VERSION "1.6.0"
| #define PACKAGE_STRING "aircrack-ng 1.6.0"
| #define PACKAGE_BUGREPORT "https://forum.aircrack-ng.org"
| #define PACKAGE_URL ""
| #define PACKAGE "aircrack-ng"
| #define VERSION "1.6.0"
| #define _REVISION "1.6.0"
| #define LT_CYGWIN_VER "-1-6-0.dll"
| #define HAVE_STDIO_H 1
| #define HAVE_STDLIB_H 1
| #define HAVE_STRING_H 1
| #define HAVE_INTTYPES_H 1
| #define HAVE_STDINT_H 1
| #define HAVE_STRINGS_H 1
| #define HAVE_SYS_STAT_H 1
| #define HAVE_SYS_TYPES_H 1
| #define HAVE_UNISTD_H 1
| #define STDC_HEADERS 1
| #define HAVE_DLFCN_H 1
| #define LT_OBJDIR ".libs/"
| #define HAVE_OPENSSL_CRYPTO_H 1
| #define HAVE_OPENSSL_CMAC_H 1
| #define HAVE_OPENSSL_CMAC_H 1
| #define HAVE_PCRE 1
| #define HAVE_SQLITE3_H 1
| #define HAVE_SQLITE3 1
| #define HAVE_SQLITE 1
| #define _LARGEFILE64_SOURCE 1
| #define HAVE_POSIX_MEMALIGN 1
| #define CACHELINE_SIZE 64
| #define INTEL_ASM 1
| #define CACHELINE_SIZE 64
| /* end confdefs.h.  */
| 
| /* Override any GCC internal prototype to avoid an error.
|    Use char because int might match the return type of a GCC
|    builtin and then its argument prototype would still apply.  */
| char malloc ();
| int
| main (void)
| {
| return malloc ();
|   ;
|   return 0;
| }
configure:36022: result: no
configure:36111: checking for C compiler vendor
configure:36168: result: gnu
configure:36480: checking that generated files are newer than configure
configure:36486: result: done
configure:36673: creating ./config.status

## ---------------------- ##
## Running config.status. ##
## ---------------------- ##

This file was extended by aircrack-ng config.status 1.6.0, which was
generated by GNU Autoconf 2.71.  Invocation command line was

  CONFIG_FILES    = 
  CONFIG_HEADERS  = 
  CONFIG_LINKS    = 
  CONFIG_COMMANDS = 
  $ ./config.status 

on Abi

config.status:1528: creating Makefile
config.status:1528: creating VERSION
config.status:1528: creating include/aircrack-ng/version.h
config.status:1528: creating manpages/airbase-ng.8
config.status:1528: creating manpages/aircrack-ng.1
config.status:1528: creating manpages/airdecap-ng.1
config.status:1528: creating manpages/airdecloak-ng.1
config.status:1528: creating manpages/aireplay-ng.8
config.status:1528: creating manpages/airmon-ng.8
config.status:1528: creating manpages/airodump-ng.8
config.status:1528: creating manpages/airodump-ng-oui-update.8
config.status:1528: creating manpages/airolib-ng.1
config.status:1528: creating manpages/airserv-ng.8
config.status:1528: creating manpages/airtun-ng.8
config.status:1528: creating manpages/airventriloquist-ng.8
config.status:1528: creating manpages/besside-ng.8
config.status:1528: creating manpages/besside-ng-crawler.1
config.status:1528: creating manpages/buddy-ng.1
config.status:1528: creating manpages/easside-ng.8
config.status:1528: creating manpages/ivstools.1
config.status:1528: creating manpages/kstats.1
config.status:1528: creating manpages/Makefile
config.status:1528: creating manpages/makeivs-ng.1
config.status:1528: creating manpages/packetforge-ng.1
config.status:1528: creating manpages/tkiptun-ng.8
config.status:1528: creating manpages/wesside-ng.8
config.status:1528: creating manpages/wpaclean.1
config.status:1528: creating scripts/Makefile
config.status:1528: creating scripts/airdrop-ng/Makefile
config.status:1528: creating scripts/airdrop-ng/doc/Makefile
config.status:1528: creating scripts/airgraph-ng/Makefile
config.status:1528: creating scripts/airgraph-ng/man/Makefile
config.status:1528: creating scripts/versuck-ng/Makefile
config.status:1528: creating test/test-env.sh
config.status:1528: creating config.h
config.status:1709: config.h is unchanged
config.status:1757: executing depfiles commands
config.status:1834: cd .       && sed -e '/# am--include-marker/d' Makefile         | make -f - am--depfiles
make: Nothing to be done for 'am--depfiles'.
config.status:1839: $? = 0
config.status:1757: executing libtool commands

## ---------------- ##
## Cache variables. ##
## ---------------- ##

ac_cv_build=x86_64-pc-cygwin
ac_cv_c_compiler_gnu=yes
ac_cv_cflags_warn_all=-Wall
ac_cv_cxx_compiler_gnu=yes
ac_cv_cxxflags_warn_all=-Wall
ac_cv_env_BREW_set=
ac_cv_env_BREW_value=
ac_cv_env_CCASFLAGS_set=
ac_cv_env_CCASFLAGS_value=
ac_cv_env_CCAS_set=
ac_cv_env_CCAS_value=
ac_cv_env_CCC_set=
ac_cv_env_CCC_value=
ac_cv_env_CC_set=
ac_cv_env_CC_value=
ac_cv_env_CFLAGS_set=
ac_cv_env_CFLAGS_value=
ac_cv_env_CMOCKA_CFLAGS_set=
ac_cv_env_CMOCKA_CFLAGS_value=
ac_cv_env_CMOCKA_LIBS_set=
ac_cv_env_CMOCKA_LIBS_value=
ac_cv_env_CPPFLAGS_set=
ac_cv_env_CPPFLAGS_value=
ac_cv_env_CPP_set=
ac_cv_env_CPP_value=
ac_cv_env_CXXCPP_set=
ac_cv_env_CXXCPP_value=
ac_cv_env_CXXFLAGS_set=
ac_cv_env_CXXFLAGS_value=
ac_cv_env_CXX_set=
ac_cv_env_CXX_value=
ac_cv_env_ETHTOOL_set=
ac_cv_env_ETHTOOL_value=
ac_cv_env_EXPECT_set=
ac_cv_env_EXPECT_value=
ac_cv_env_HWLOC_CFLAGS_set=
ac_cv_env_HWLOC_CFLAGS_value=
ac_cv_env_HWLOC_FOUND_set=
ac_cv_env_HWLOC_FOUND_value=
ac_cv_env_HWLOC_LIBS_set=
ac_cv_env_HWLOC_LIBS_value=
ac_cv_env_LDFLAGS_set=
ac_cv_env_LDFLAGS_value=
ac_cv_env_LIBNL1_CFLAGS_set=
ac_cv_env_LIBNL1_CFLAGS_value=
ac_cv_env_LIBNL1_LIBS_set=
ac_cv_env_LIBNL1_LIBS_value=
ac_cv_env_LIBNL30_CFLAGS_set=
ac_cv_env_LIBNL30_CFLAGS_value=
ac_cv_env_LIBNL30_LIBS_set=
ac_cv_env_LIBNL30_LIBS_value=
ac_cv_env_LIBNL31_CFLAGS_set=
ac_cv_env_LIBNL31_CFLAGS_value=
ac_cv_env_LIBNL31_LIBS_set=
ac_cv_env_LIBNL31_LIBS_value=
ac_cv_env_LIBNL3X_CFLAGS_set=
ac_cv_env_LIBNL3X_CFLAGS_value=
ac_cv_env_LIBNL3X_LIBS_set=
ac_cv_env_LIBNL3X_LIBS_value=
ac_cv_env_LIBNLT_CFLAGS_set=
ac_cv_env_LIBNLT_CFLAGS_value=
ac_cv_env_LIBNLT_LIBS_set=
ac_cv_env_LIBNLT_LIBS_value=
ac_cv_env_LIBS_set=
ac_cv_env_LIBS_value=
ac_cv_env_LTDL_FOUND_set=
ac_cv_env_LTDL_FOUND_value=
ac_cv_env_LTDL_LIBS_set=
ac_cv_env_LTDL_LIBS_value=
ac_cv_env_LT_SYS_LIBRARY_PATH_set=
ac_cv_env_LT_SYS_LIBRARY_PATH_value=
ac_cv_env_NUMA_FOUND_set=
ac_cv_env_NUMA_FOUND_value=
ac_cv_env_NUMA_LIBS_set=
ac_cv_env_NUMA_LIBS_value=
ac_cv_env_OPENSSL_FOUND_set=
ac_cv_env_OPENSSL_FOUND_value=
ac_cv_env_OPENSSL_LIBS_set=
ac_cv_env_OPENSSL_LIBS_value=
ac_cv_env_PCAP_FOUND_set=
ac_cv_env_PCAP_FOUND_value=
ac_cv_env_PCAP_LIBS_set=
ac_cv_env_PCAP_LIBS_value=
ac_cv_env_PCRE_CFLAGS_set=
ac_cv_env_PCRE_CFLAGS_value=
ac_cv_env_PCRE_FOUND_set=
ac_cv_env_PCRE_FOUND_value=
ac_cv_env_PCRE_LIBS_set=
ac_cv_env_PCRE_LIBS_value=
ac_cv_env_PKG_CONFIG_LIBDIR_set=
ac_cv_env_PKG_CONFIG_LIBDIR_value=
ac_cv_env_PKG_CONFIG_PATH_set=
ac_cv_env_PKG_CONFIG_PATH_value=
ac_cv_env_PKG_CONFIG_set=
ac_cv_env_PKG_CONFIG_value=
ac_cv_env_RFKILL_set=
ac_cv_env_RFKILL_value=
ac_cv_env_SQLITE3_FOUND_set=
ac_cv_env_SQLITE3_FOUND_value=
ac_cv_env_SQLITE3_LIBS_set=
ac_cv_env_SQLITE3_LIBS_value=
ac_cv_env_STATIC_HOST_ALIAS_set=
ac_cv_env_STATIC_HOST_ALIAS_value=
ac_cv_env_STATIC_LIBDIR_NAME_set=
ac_cv_env_STATIC_LIBDIR_NAME_value=
ac_cv_env_ZLIB_CFLAGS_set=
ac_cv_env_ZLIB_CFLAGS_value=
ac_cv_env_ZLIB_FOUND_set=
ac_cv_env_ZLIB_FOUND_value=
ac_cv_env_ZLIB_LIBS_set=
ac_cv_env_ZLIB_LIBS_value=
ac_cv_env_build_alias_set=
ac_cv_env_build_alias_value=
ac_cv_env_host_alias_set=
ac_cv_env_host_alias_value=
ac_cv_env_target_alias_set=
ac_cv_env_target_alias_value=
ac_cv_exeext=.exe
ac_cv_file__usr_include_w32api_windows_h=yes
ac_cv_func_posix_memalign=yes
ac_cv_header_dlfcn_h=yes
ac_cv_header_inttypes_h=yes
ac_cv_header_openssl_cmac_h=yes
ac_cv_header_openssl_crypto_h=yes
ac_cv_header_pcap_h=no
ac_cv_header_sqlite3_h=yes
ac_cv_header_stdint_h=yes
ac_cv_header_stdio_h=yes
ac_cv_header_stdlib_h=yes
ac_cv_header_string_h=yes
ac_cv_header_strings_h=yes
ac_cv_header_sys_stat_h=yes
ac_cv_header_sys_types_h=yes
ac_cv_header_unistd_h=yes
ac_cv_header_windows_h=yes
ac_cv_host=x86_64-pc-cygwin
ac_cv_lib_crypto_OPENSSL_init=yes
ac_cv_lib_dl_dlopen=yes
ac_cv_lib_duma_malloc=no
ac_cv_lib_m_sin=yes
ac_cv_lib_pthread_pthread_create=yes
ac_cv_lib_sqlite3_sqlite3_open=yes
ac_cv_lib_w32api_WinMain=no
ac_cv_objext=o
ac_cv_path_EGREP='/usr/bin/grep -E'
ac_cv_path_FGREP='/usr/bin/grep -F'
ac_cv_path_GREP=/usr/bin/grep
ac_cv_path_SED=/usr/bin/sed
ac_cv_path_ac_pt_PKG_CONFIG=/usr/bin/pkg-config
ac_cv_path_install='/usr/bin/install -c'
ac_cv_path_lt_DD=/usr/bin/dd
ac_cv_path_mkdir=/usr/bin/mkdir
ac_cv_prog_AWK=gawk
ac_cv_prog_CPP='gcc -E'
ac_cv_prog_CXXCPP='g++ -E'
ac_cv_prog_PYTHON=python
ac_cv_prog_READLINK=readlink
ac_cv_prog_ac_ct_AR=ar
ac_cv_prog_ac_ct_AS=as
ac_cv_prog_ac_ct_CC=gcc
ac_cv_prog_ac_ct_CXX=g++
ac_cv_prog_ac_ct_DLLTOOL=dlltool
ac_cv_prog_ac_ct_FILECMD=file
ac_cv_prog_ac_ct_OBJDUMP=objdump
ac_cv_prog_ac_ct_RANLIB=ranlib
ac_cv_prog_ac_ct_STRIP=strip
ac_cv_prog_cc_c11=
ac_cv_prog_cc_g=yes
ac_cv_prog_cc_stdc=
ac_cv_prog_cxx_11=no
ac_cv_prog_cxx_cxx11=
ac_cv_prog_cxx_g=yes
ac_cv_prog_cxx_stdcxx=
ac_cv_prog_make_make_set=yes
ac_cv_search_gethostbyname='none required'
ac_cv_search_socket='none required'
ac_cv_sys_file_offset_bits=no
ac_cv_sys_largefile_CC=no
ac_cv_target=x86_64-pc-cygwin
am_cv_CCAS_dependencies_compiler_type=gcc3
am_cv_CC_dependencies_compiler_type=gcc3
am_cv_CXX_dependencies_compiler_type=gcc3
am_cv_make_support_nested_variables=yes
am_cv_prog_cc_c_o=yes
ax_cv_PTHREAD_CLANG=no
ax_cv_PTHREAD_JOINABLE_ATTR=PTHREAD_CREATE_JOINABLE
ax_cv_PTHREAD_PRIO_INHERIT=no
ax_cv_PTHREAD_SPECIAL_FLAGS=no
ax_cv_c_compiler_vendor=gnu
ax_cv_c_compiler_version=11.2.0
ax_cv_check_cflags___O3=yes
ax_cv_check_cflags___Wno_array_bounds=yes
ax_cv_check_cflags___Wno_unused_but_set_variable=yes
ax_cv_check_cflags___Wpointer_arith=yes
ax_cv_check_cflags___Wstrict_overflow_2=yes
ax_cv_check_cflags___fno_strict_aliasing=yes
ax_cv_check_cflags___fvisibility_hidden=yes
ax_cv_check_cflags___mavx2=yes
ax_cv_check_cflags___mavx=yes
ax_cv_check_cflags___mmmx=yes
ax_cv_check_cflags___msse2=yes
ax_cv_check_cflags___std_gnu99=yes
ax_cv_check_cxxflags___O3=yes
ax_cv_check_cxxflags___Wno_array_bounds=yes
ax_cv_check_cxxflags___Wno_unused_but_set_variable=yes
ax_cv_check_cxxflags___fvisibility_hidden=yes
ax_cv_check_cxxflags___masm_intel=yes
ax_cv_check_cxxflags___mavx2=yes
ax_cv_check_cxxflags___mavx=yes
ax_cv_check_cxxflags___mmmx=yes
ax_cv_check_cxxflags___msse2=yes
ax_cv_cxx_compiler_vendor=gnu
ax_cv_cxx_compiler_version=11.2.0
ext_cv_default_static_lib_search_paths=' 		/usr/lib/gcc/x86_64-pc-cygwin/11/ /usr/lib/gcc/x86_64-pc-cygwin/11/../../../../x86_64-pc-cygwin/lib/x86_64-pc-cygwin/11/ /usr/lib/gcc/x86_64-pc-cygwin/11/../../../../x86_64-pc-cygwin/lib/../lib/ /usr/lib/gcc/x86_64-pc-cygwin/11/../../../x86_64-pc-cygwin/11/ /usr/lib/gcc/x86_64-pc-cygwin/11/../../../../lib/ /lib/x86_64-pc-cygwin/11/ /lib/../lib/ /usr/lib/x86_64-pc-cygwin/11/ /usr/lib/../lib/ /usr/lib/gcc/x86_64-pc-cygwin/11/../../../../x86_64-pc-cygwin/lib/ /usr/lib/gcc/x86_64-pc-cygwin/11/../../../ /lib/ /usr/lib/ 		/opt/lib/x86_64-pc-cygwin 		/opt/lib 		/usr/local/lib/x86_64-pc-cygwin 		/usr/local/lib 		/usr/lib/x86_64-pc-cygwin 		/usr/lib 		/lib 		/opt/lib/x86_64-pc-cygwin 		/opt/lib 	'
ext_cv_static_libdir_name=lib
lt_cv_ar_at_file=@
lt_cv_archive_cmds_need_lc=yes
lt_cv_deplibs_check_method='file_magic ^x86 archive import|^x86 DLL'
lt_cv_file_magic_cmd=func_win32_libid
lt_cv_file_magic_test_file=
lt_cv_ld_reload_flag=-r
lt_cv_nm_interface='BSD nm'
lt_cv_objdir=.libs
lt_cv_path_LD=/usr/x86_64-pc-cygwin/bin/ld.exe
lt_cv_path_LDCXX=/usr/x86_64-pc-cygwin/bin/ld.exe
lt_cv_path_NM='/usr/bin/nm -B'
lt_cv_path_mainfest_tool=no
lt_cv_prog_compiler_c_o=yes
lt_cv_prog_compiler_c_o_CXX=yes
lt_cv_prog_compiler_pic='-DDLL_EXPORT -DPIC'
lt_cv_prog_compiler_pic_CXX='-DDLL_EXPORT -DPIC'
lt_cv_prog_compiler_pic_works=yes
lt_cv_prog_compiler_pic_works_CXX=yes
lt_cv_prog_compiler_rtti_exceptions=no
lt_cv_prog_compiler_static_works=yes
lt_cv_prog_compiler_static_works_CXX=yes
lt_cv_prog_gnu_ld=yes
lt_cv_prog_gnu_ldcxx=yes
lt_cv_sharedlib_from_linklib_cmd=func_cygming_dll_for_implib
lt_cv_sys_global_symbol_pipe='/usr/bin/sed -n -e '\''s/^.*[	 ]\([ABCDGIRSTW][ABCDGIRSTW]*\)[	 ][	 ]*\([_A-Za-z][_A-Za-z0-9]*\)$/\1 \2 \2/p'\'' | /usr/bin/sed '\''/ __gnu_lto/d'\'''
lt_cv_sys_global_symbol_to_c_name_address='/usr/bin/sed -n -e '\''s/^: \(.*\) .*$/  {"\1", (void *) 0},/p'\'' -e '\''s/^[ABCDGIRSTW][ABCDGIRSTW]* .* \(.*\)$/  {"\1", (void *) \&\1},/p'\'''
lt_cv_sys_global_symbol_to_c_name_address_lib_prefix='/usr/bin/sed -n -e '\''s/^: \(.*\) .*$/  {"\1", (void *) 0},/p'\'' -e '\''s/^[ABCDGIRSTW][ABCDGIRSTW]* .* \(lib.*\)$/  {"\1", (void *) \&\1},/p'\'' -e '\''s/^[ABCDGIRSTW][ABCDGIRSTW]* .* \(.*\)$/  {"lib\1", (void *) \&\1},/p'\'''
lt_cv_sys_global_symbol_to_cdecl='/usr/bin/sed -n -e '\''s/^T .* \(.*\)$/extern int \1();/p'\'' -e '\''s/^[ABCDGIRSTW][ABCDGIRSTW]* .* \(.*\)$/extern char \1;/p'\'''
lt_cv_sys_global_symbol_to_import=
lt_cv_sys_max_cmd_len=8192
lt_cv_to_host_file_cmd=func_convert_file_noop
lt_cv_to_tool_file_cmd=func_convert_file_noop
lt_cv_truncate_bin='/usr/bin/dd bs=4096 count=1'
pc_cv_python_site_dir=/usr/lib/site-python
pkg_cv_PCRE_CFLAGS=
pkg_cv_PCRE_LIBS='-lpcre '

## ----------------- ##
## Output variables. ##
## ----------------- ##

















			$(MAKE) $(AM_MAKEFLAGS) -k check-valgrind-tool VALGRIND_TOOL=$(tool); \
		$(if $(VALGRIND_HAVE_TOOL_$(tool))$(VALGRIND_HAVE_TOOL_exp_$(tool)), \
		) \
		LOG_COMPILER="$(VALGRIND_LOG_COMPILER)" \
		LOG_COMPILER="$(VALGRIND_LOG_COMPILER)" \
		LOG_COMPILER="$(VALGRIND_LOG_COMPILER)" \
		LOG_COMPILER="$(VALGRIND_LOG_COMPILER)" \
		LOG_COMPILER="$(VALGRIND_LOG_COMPILER)" \
		LOG_FLAGS="$(valgrind_$(VALGRIND_TOOL)_flags)" \
		LOG_FLAGS="$(valgrind_drd_flags)" \
		LOG_FLAGS="$(valgrind_helgrind_flags)" \
		LOG_FLAGS="$(valgrind_memcheck_flags)" \
		LOG_FLAGS="$(valgrind_sgcheck_flags)" \
		TESTS_ENVIRONMENT="$(VALGRIND_TESTS_ENVIRONMENT)" \
		TESTS_ENVIRONMENT="$(VALGRIND_TESTS_ENVIRONMENT)" \
		TESTS_ENVIRONMENT="$(VALGRIND_TESTS_ENVIRONMENT)" \
		TESTS_ENVIRONMENT="$(VALGRIND_TESTS_ENVIRONMENT)" \
		TESTS_ENVIRONMENT="$(VALGRIND_TESTS_ENVIRONMENT)" \
		TEST_SUITE_LOG=test-suite-$(VALGRIND_TOOL).log
		TEST_SUITE_LOG=test-suite-drd.log
		TEST_SUITE_LOG=test-suite-helgrind.log
		TEST_SUITE_LOG=test-suite-memcheck.log
		TEST_SUITE_LOG=test-suite-sgcheck.log
	$(MAKE) check-TESTS \
	$(MAKE) check-TESTS \
	$(MAKE) check-TESTS \
	$(MAKE) check-TESTS \
	$(MAKE) check-TESTS \
	$(TESTS_ENVIRONMENT) \
	$(VALGRIND) $(VALGRIND_SUPPRESSIONS) --error-exitcode=1 $(VALGRIND_FLAGS)
	$(valgrind_lt) \
	)
	-$(foreach tool,$(valgrind_tools), \
	@echo "Need to reconfigure with --enable-valgrind"
	@echo "Need to reconfigure with --enable-valgrind"
	@echo "Need to reconfigure with --enable-valgrind"
	@echo "Need to reconfigure with --enable-valgrind"
	@echo "Need to reconfigure with --enable-valgrind"
	@echo "Need to reconfigure with --enable-valgrind"
	G_DEBUG=fatal-warnings,fatal-criticals,gc-friendly
	G_SLICE=always-malloc,debug-blocks \
	env VALGRIND=$(VALGRIND) \
#
#    (Default: --num-callers=30)
#    files to load. (Default: empty)
#    memcheck, helgrind, drd, sgcheck). (Default: various)
#  - VALGRIND_$toolname_FLAGS: Flags to pass to Valgrind $toolname (one of:
#  - VALGRIND_FLAGS: General flags to pass to all Valgrind tools.
#  - VALGRIND_SUPPRESSIONS_FILES: Space-separated list of Valgrind suppressions
# Internal use
# Optional variables
# Optional:
# Support running with and without libtool.
# Use recursive makes in order to ignore errors during check
# Valgrind check
# Valgrind running
'
.PHONY: check-valgrind check-valgrind-tool
ACLOCAL='${SHELL} '\''/aircrack-ng-1.6-win/missing'\'' aclocal-1.16'
ACLOCAL_AMFLAGS='-I build/m4/stubs -I build/m4 ${ACLOCAL_FLAGS}'
AIRPCAP_CFLAGS=''
AIRPCAP_FALSE=''
AIRPCAP_LIBS=''
AIRPCAP_TRUE='#'
ALTIVEC_FALSE=''
ALTIVEC_TRUE='#'
AMDEPBACKSLASH='\'
AMDEP_FALSE='#'
AMDEP_TRUE=''
AMTAR='$${TAR-tar}'
AM_BACKSLASH='\'
AM_DEFAULT_V='$(AM_DEFAULT_VERBOSITY)'
AM_DEFAULT_VERBOSITY='0'
AM_DISTCHECK_CONFIGURE_FLAGS += --disable-valgrind
AM_DISTCHECK_CONFIGURE_FLAGS ?=
AM_V='$(V)'
AR='ar'
ARM_FALSE=''
ARM_TRUE='#'
AS='as'
AUTOCONF='${SHELL} '\''/aircrack-ng-1.6-win/missing'\'' autoconf'
AUTOHEADER='${SHELL} '\''/aircrack-ng-1.6-win/missing'\'' autoheader'
AUTOMAKE='${SHELL} '\''/aircrack-ng-1.6-win/missing'\'' automake-1.16'
AVX512F_FALSE=''
AVX512F_FOUND=''
AVX512F_TRUE='#'
AWK='gawk'
BREW=''
CACHELINE_SIZE='64'
CC='gcc'
CCAS='gcc'
CCASDEPMODE='depmode=gcc3'
CCASFLAGS=''
CCDEPMODE='depmode=gcc3'
CFLAGS=' -Wall -O3 -std=gnu99 -fno-strict-aliasing -Wpointer-arith -Wstrict-overflow=2 -Wstrict-prototypes -fvisibility=hidden -Wno-unused-but-set-variable -Wno-array-bounds  -mconsole -mwindows'
CMOCKA_CFLAGS=''
CMOCKA_FALSE=''
CMOCKA_LIBS=''
CMOCKA_TRUE='#'
CODE_COVERAGE_BRANCH_COVERAGE='1'
CODE_COVERAGE_CFLAGS=''
CODE_COVERAGE_CPPFLAGS=''
CODE_COVERAGE_CXXFLAGS=''
CODE_COVERAGE_ENABLED='no'
CODE_COVERAGE_ENABLED_FALSE=''
CODE_COVERAGE_ENABLED_TRUE='#'
CODE_COVERAGE_IGNORE_PATTERN='/usr/include/\* /usr/local/include/\* /usr/lib/gcc/\* /usr/local/lib/gcc/\*'
CODE_COVERAGE_LIBS=''
CPP='gcc -E'
CPPFLAGS='  -I/usr/include/w32api -DCYGWIN -D_FORTIFY_SOURCE=2'
CRYPTO_CFLAGS=''
CRYPTO_INCLUDES=''
CRYPTO_LDFLAGS=''
CRYPTO_LIBS='-lssl -lcrypto'
CSCOPE='cscope'
CTAGS='ctags'
CXX='g++'
CXXCPP='g++ -E'
CXXDEPMODE='depmode=gcc3'
CXXFLAGS=' -Wall -O3 -fvisibility=hidden -Wno-unused-but-set-variable -Wno-array-bounds -masm=intel  -mconsole -mwindows'
CYGPATH_W='cygpath -w'
CYGWIN_FALSE='#'
CYGWIN_TRUE=''
DARWIN_FALSE=''
DARWIN_TRUE='#'
DEFS='-DHAVE_CONFIG_H'
DEPDIR='.deps'
DLLTOOL='dlltool'
DSYMUTIL=''
DUMMY_FALSE=''
DUMMY_TRUE='#'
DUMPBIN=''
ECHO_C=''
ECHO_N='-n'
ECHO_T=''
EGREP='/usr/bin/grep -E'
ENABLE_INSTALLED_TESTS_FALSE=''
ENABLE_INSTALLED_TESTS_TRUE='#'
ETAGS='etags'
ETHTOOL=''
EXEEXT='.exe'
EXPECT=''
EXPECT_FALSE=''
EXPECT_TRUE='#'
EXPERIMENTAL_FALSE=''
EXPERIMENTAL_TRUE='#'
EXT_SCRIPTS_FALSE=''
EXT_SCRIPTS_TRUE='#'
FGREP='/usr/bin/grep -F'
FILECMD='file'
FREEBSD_FALSE=''
FREEBSD_TRUE='#'
GCOV=''
GCRYPT_CFLAGS=''
GCRYPT_LIBS=''
GENHTML=''
GREP='/usr/bin/grep'
HAVE_AIRPCAP_OR_PCAP_FALSE=''
HAVE_AIRPCAP_OR_PCAP_TRUE='#'
HAVE_HWLOC_FALSE=''
HAVE_HWLOC_TRUE='#'
HAVE_PCAP_FALSE=''
HAVE_PCAP_TRUE='#'
HAVE_SQLITE3='yes'
HAVE_SQLITE3_FALSE='#'
HAVE_SQLITE3_TRUE=''
HWLOC_CFLAGS=''
HWLOC_FOUND='no'
HWLOC_LIBS=''
INSTALL_DATA='${INSTALL} -m 644'
INSTALL_PROGRAM='${INSTALL}'
INSTALL_SCRIPT='${INSTALL}'
INSTALL_STRIP_PROGRAM='$(install_sh) -c -s'
LCOV=''
LD='/usr/x86_64-pc-cygwin/bin/ld.exe'
LDFLAGS=' -mconsole -mwindows'
LIBGCRYPT_CFLAGS=''
LIBGCRYPT_CONFIG=''
LIBGCRYPT_FALSE=''
LIBGCRYPT_LIBS=''
LIBGCRYPT_TRUE='#'
LIBNL1_CFLAGS=''
LIBNL1_LIBS=''
LIBNL30_CFLAGS=''
LIBNL30_LIBS=''
LIBNL31_CFLAGS=''
LIBNL31_LIBS=''
LIBNL3X_CFLAGS=''
LIBNL3X_LIBS=''
LIBNLT_CFLAGS=''
LIBNLT_LIBS=''
LIBNL_CFLAGS=''
LIBNL_LIBS=''
LIBOBJS=''
LIBS='  -ldl -lm'
LIBTOOL='$(SHELL) $(top_builddir)/libtool'
LINUX_FALSE=''
LINUX_TRUE='#'
LIPO=''
LN_S='ln -s'
LTDL_FOUND=''
LTDL_LIBS=''
LTLIBOBJS=''
LT_SYS_LIBRARY_PATH=''
LT_VER='1.6.0'
MAINT=''
MAINTAINER_MODE_FALSE='#'
MAINTAINER_MODE_TRUE=''
MAKEINFO='${SHELL} '\''/aircrack-ng-1.6-win/missing'\'' makeinfo'
MANIFEST_TOOL=':'
MAN_RELEASE_DATE='January 2020'
MAN_RELEASE_VERSION='Version 1.6.0'
MKDIR_P='/usr/bin/mkdir -p'
MOSTLYCLEANFILES += $(valgrind_log_files)
MOSTLYCLEANFILES ?=
MULTIBIN_FALSE=''
MULTIBIN_TRUE='#'
NEON_FALSE=''
NEON_TRUE='#'
NETBSD_FALSE=''
NETBSD_TRUE='#'
NLLIBNAME=''
NM='/usr/bin/nm -B'
NMEDIT=''
NUMA_FOUND=''
NUMA_LIBS=''
OBJDUMP='objdump'
OBJEXT='o'
OPENBSD_FALSE=''
OPENBSD_TRUE='#'
OPENSSL_FOUND='yes'
OPENSSL_INCLUDES=''
OPENSSL_LDFLAGS=''
OPENSSL_LIBS='-lssl -lcrypto'
OTOOL64=''
OTOOL=''
PACKAGE='aircrack-ng'
PACKAGE_BUGREPORT='https://forum.aircrack-ng.org'
PACKAGE_NAME='aircrack-ng'
PACKAGE_STRING='aircrack-ng 1.6.0'
PACKAGE_TARNAME='aircrack-ng'
PACKAGE_URL=''
PACKAGE_VERSION='1.6.0'
PATH_SEPARATOR=':'
PCAP_CFLAGS=''
PCAP_FOUND='no'
PCAP_LIBS=''
PCRE_CFLAGS=''
PCRE_FOUND=''
PCRE_LIBS='-lpcre '
PKG_CONFIG='/usr/bin/pkg-config'
PKG_CONFIG_LIBDIR=''
PKG_CONFIG_PATH=''
POWER8_FALSE=''
POWER8_TRUE='#'
PPC_FALSE=''
PPC_TRUE='#'
PTHREAD_CC='gcc'
PTHREAD_CFLAGS='-pthread'
PTHREAD_LIBS='-lpthread'
PYTHON='python'
RANLIB='ranlib'
READLINK='readlink'
RFKILL=''
SED='/usr/bin/sed'
SET_MAKE=''
SHELL='/bin/sh'
SIMD_SUFFIX=''
SQLITE3_CFLAGS='-I/usr/include'
SQLITE3_FOUND=''
SQLITE3_LDFLAGS='-L/usr/lib -lsqlite3'
SQLITE3_LIBS=''
SQLITE3_VERSION='3.34.0'
STATIC_BUILD_FALSE=''
STATIC_BUILD_TRUE='#'
STATIC_CRYPTO_FALSE=''
STATIC_CRYPTO_TRUE='#'
STATIC_HOST_ALIAS=''
STATIC_HWLOC_FALSE=''
STATIC_HWLOC_TRUE='#'
STATIC_LIBDIR_NAME='lib'
STRIP='strip'
VALGRIND=''
VALGRIND_CHECK_RULES='
VALGRIND_ENABLED='no'
VALGRIND_ENABLED_FALSE=''
VALGRIND_ENABLED_TRUE='#'
VALGRIND_FLAGS ?= --num-callers=30
VALGRIND_HAVE_TOOL_drd=''
VALGRIND_HAVE_TOOL_exp_sgcheck=''
VALGRIND_HAVE_TOOL_helgrind=''
VALGRIND_HAVE_TOOL_memcheck=''
VALGRIND_LOG_COMPILER = \
VALGRIND_SUPPRESSIONS ?= $(addprefix --suppressions=,$(VALGRIND_SUPPRESSIONS_FILES))
VALGRIND_TESTS_ENVIRONMENT = \
VALGRIND_drd_FLAGS ?=
VALGRIND_helgrind_FLAGS ?= --history-level=approx
VALGRIND_memcheck_FLAGS ?= --leak-check=full --show-reachable=no
VALGRIND_sgcheck_FLAGS ?=
VERSION='1.6.0'
X86_FALSE='#'
X86_TRUE=''
ZLIB_CFLAGS=''
ZLIB_FOUND=''
ZLIB_LIBS=''
_BETA='0'
_MAJ='1'
_MIN='6'
_RC='0'
_SCM=''
_SUB_MIN='0'
ac_ct_AR='ar'
ac_ct_CC='gcc'
ac_ct_CXX='g++'
ac_ct_DUMPBIN=''
am__EXEEXT_FALSE='#'
am__EXEEXT_TRUE=''
am__fastdepCCAS_FALSE='#'
am__fastdepCCAS_TRUE=''
am__fastdepCC_FALSE='#'
am__fastdepCC_TRUE=''
am__fastdepCXX_FALSE='#'
am__fastdepCXX_TRUE=''
am__include='include'
am__isrc=''
am__leading_dot='.'
am__nodep='_no'
am__quote=''
am__tar='$${TAR-tar} chof - "$$tardir"'
am__untar='$${TAR-tar} xf -'
arm_neon_cflags=''
arm_neon_cxxflags=''
ax_pthread_config=''
bindir='${exec_prefix}/bin'
build='x86_64-pc-cygwin'
build_alias=''
build_cpu='x86_64'
build_os='cygwin'
build_vendor='pc'
check-valgrind-drd:
check-valgrind-helgrind:
check-valgrind-memcheck:
check-valgrind-sgcheck:
check-valgrind-tool:
check-valgrind:
datadir='${datarootdir}'
datarootdir='${prefix}/share'
docdir='${datarootdir}/doc/${PACKAGE_TARNAME}'
dvidir='${docdir}'
else
else
else
else
else
else
else
endif
endif
endif
endif
endif
endif
endif
exec_prefix='${prefix}'
host='x86_64-pc-cygwin'
host_alias=''
host_cpu='x86_64'
host_os='cygwin'
host_vendor='pc'
htmldir='${docdir}'
ifGNUmake=''
ifeq ($(VALGRIND_ENABLED),yes)
ifeq ($(VALGRIND_ENABLED),yes)
ifeq ($(VALGRIND_ENABLED),yes)
ifeq ($(VALGRIND_ENABLED),yes)
ifeq ($(VALGRIND_ENABLED),yes)
ifeq ($(VALGRIND_ENABLED),yes)
ifnGNUmake=''
ifneq ($(LIBTOOL),)
includedir='${prefix}/include'
infodir='${datarootdir}/info'
install_sh='${SHELL} /aircrack-ng-1.6-win/install-sh'
libdir='${exec_prefix}/lib'
libexecdir='${exec_prefix}/libexec'
localedir='${datarootdir}/locale'
localstatedir='${prefix}/var'
mandir='${datarootdir}/man'
mkdir_p='$(MKDIR_P)'
oldincludedir='/usr/include'
pdfdir='${docdir}'
pkgpythondir='${pythondir}/aircrack-ng'
ppc_altivec_cflags=''
ppc_altivec_cxxflags=''
prefix='/usr/local'
program_transform_name='s,x,x,'
psdir='${docdir}'
pythondir='/usr/lib/site-python'
runstatedir='${localstatedir}/run'
sbindir='${exec_prefix}/sbin'
sharedstatedir='${prefix}/com'
sysconfdir='${prefix}/etc'
target='x86_64-pc-cygwin'
target_alias=''
target_cpu='x86_64'
target_os='cygwin'
target_vendor='pc'
valgrind_drd_flags = --tool=drd $(VALGRIND_drd_FLAGS)
valgrind_helgrind_flags = --tool=helgrind $(VALGRIND_helgrind_FLAGS)
valgrind_log_files = $(addprefix test-suite-,$(addsuffix .log,$(valgrind_tools)))
valgrind_lt =
valgrind_lt = $(LIBTOOL) $(AM_LIBTOOLFLAGS) $(LIBTOOLFLAGS) --mode=execute
valgrind_memcheck_flags = --tool=memcheck $(VALGRIND_memcheck_FLAGS)
valgrind_quiet = $(valgrind_quiet_$(V))
valgrind_quiet_ = $(valgrind_quiet_$(AM_DEFAULT_VERBOSITY))
valgrind_quiet_0 = --quiet
valgrind_sgcheck_flags = --tool=exp-sgcheck $(VALGRIND_sgcheck_FLAGS)
valgrind_tools = memcheck helgrind drd sgcheck
x86_avx2_cflags='-mavx2'
x86_avx2_cxxflags='-mavx2'
x86_avx512_cflags=''
x86_avx512_cxxflags=''
x86_avx_cflags='-mavx'
x86_avx_cxxflags='-mavx'
x86_mmx_cflags='-mmmx'
x86_mmx_cxxflags='-mmmx'
x86_sse2_cflags='-msse2'
x86_sse2_cxxflags='-msse2'

## ----------- ##
## confdefs.h. ##
## ----------- ##

/* confdefs.h */
#define PACKAGE_NAME "aircrack-ng"
#define PACKAGE_TARNAME "aircrack-ng"
#define PACKAGE_VERSION "1.6.0"
#define PACKAGE_STRING "aircrack-ng 1.6.0"
#define PACKAGE_BUGREPORT "https://forum.aircrack-ng.org"
#define PACKAGE_URL ""
#define PACKAGE "aircrack-ng"
#define VERSION "1.6.0"
#define _REVISION "1.6.0"
#define LT_CYGWIN_VER "-1-6-0.dll"
#define HAVE_STDIO_H 1
#define HAVE_STDLIB_H 1
#define HAVE_STRING_H 1
#define HAVE_INTTYPES_H 1
#define HAVE_STDINT_H 1
#define HAVE_STRINGS_H 1
#define HAVE_SYS_STAT_H 1
#define HAVE_SYS_TYPES_H 1
#define HAVE_UNISTD_H 1
#define STDC_HEADERS 1
#define HAVE_DLFCN_H 1
#define LT_OBJDIR ".libs/"
#define HAVE_OPENSSL_CRYPTO_H 1
#define HAVE_OPENSSL_CMAC_H 1
#define HAVE_OPENSSL_CMAC_H 1
#define HAVE_PCRE 1
#define HAVE_SQLITE3_H 1
#define HAVE_SQLITE3 1
#define HAVE_SQLITE 1
#define _LARGEFILE64_SOURCE 1
#define HAVE_POSIX_MEMALIGN 1
#define CACHELINE_SIZE 64
#define INTEL_ASM 1
#define CACHELINE_SIZE 64

configure: exit 0

## ---------------------- ##
## Running config.status. ##
## ---------------------- ##

This file was extended by aircrack-ng config.status 1.6.0, which was
generated by GNU Autoconf 2.71.  Invocation command line was

  CONFIG_FILES    = 
  CONFIG_HEADERS  = 
  CONFIG_LINKS    = 
  CONFIG_COMMANDS = 
  $ ./config.status config.h

on Abi

config.status:1528: creating config.h
config.status:1709: config.h is unchanged
